<?xml version="1.0" encoding="UTF-8"?>
<testsuite xmlns:xsi="http://www.w3.org/2001/XMLSchema-instance" xsi:noNamespaceSchemaLocation="https://maven.apache.org/surefire/maven-surefire-plugin/xsd/surefire-test-report.xsd" version="3.0.2" name="com.classroom.bdd.config.CucumberSuite" time="122.708" tests="65" errors="0" skipped="0" failures="0">
  <properties>
[...]
</properties>
  <testcase name="Valid booking request returns 202 Accepted" classname="API Gateway - Booking REST Endpoint" time="3.961">
    <system-out><![CDATA[
  .   ____          _            __ _ _
 /\\ / ___'_ __ _ _(_)_ __  __ _ \ \ \ \
( ( )\___ | '_ | '_| | '_ \/ _` | \ \ \ \
 \\/  ___)| |_)| | | | | || (_| |  ) ) ) )
  '  |____| .__|_| |_|_| |_\__, | / / / /
 =========|_|==============|___/=/_/_/_/

 :: Spring Boot ::                (v3.3.5)

2026-06-01T14:38:28.080+05:30  INFO 14008 --- [           main] c.c.bdd.config.CucumberSpringConfig      : Starting CucumberSpringConfig using Java 17.0.19 with PID 14008 (started by 789188 in C:\AA\BDD_POC\integration-tests)
2026-06-01T14:38:28.083+05:30 DEBUG 14008 --- [           main] c.c.bdd.config.CucumberSpringConfig      : Running with Spring Boot v3.3.5, Spring v6.1.14
2026-06-01T14:38:28.084+05:30  INFO 14008 --- [           main] c.c.bdd.config.CucumberSpringConfig      : The following 1 profile is active: "test"
2026-06-01T14:38:29.425+05:30  INFO 14008 --- [           main] c.c.bdd.config.CucumberSpringConfig      : Started CucumberSpringConfig in 2.09 seconds (process running for 17.355)

@api @camel @smoke @valid-request
Scenario: Valid booking request returns 202 Accepted                       &amp#27;[90m# features/api_gateway.feature:16&amp#27;[0m
2026-06-01T14:38:30.449+05:30  INFO 14008 --- [           main] c.c.bdd.steps.CommonStepDefinitions      : [BDD-SETUP] Resetting state before scenario
2026-06-01T14:38:30.711+05:30  INFO 14008 --- [           main] c.c.bdd.steps.ApiGatewayStepDefinitions  : [BDD] API Gateway is UP on port 8080
  &amp#27;[32mGiven &amp#27;[0m&amp#27;[32mthe API gateway is running on port &amp#27;[0m&amp#27;[32m&amp#27;[1m"8080"&amp#27;[0m                          &amp#27;[90m# com.classroom.bdd.steps.ApiGatewayStepDefinitions.theApiGatewayIsRunningOnPort(java.lang.String)&amp#27;[0m
2026-06-01T14:38:30.718+05:30  INFO 14008 --- [           main] c.c.bdd.steps.ApiGatewayStepDefinitions  : [BDD] Gateway endpoint 'POST /bookings' is available (health OK)
  &amp#27;[32mAnd &amp#27;[0m&amp#27;[32mthe endpoint &amp#27;[0m&amp#27;[32m&amp#27;[1m"POST /bookings"&amp#27;[0m&amp#27;[32m is available&amp#27;[0m                           &amp#27;[90m# com.classroom.bdd.steps.ApiGatewayStepDefinitions.theEndpointIsAvailable(java.lang.String)&amp#27;[0m
2026-06-01T14:38:30.778+05:30  INFO 14008 --- [           main] c.c.bdd.steps.ApiGatewayStepDefinitions  : [BDD] POST http://localhost:8080/bookings [application/json] ? HTTP 202
  &amp#27;[32mWhen &amp#27;[0m&amp#27;[32mI send a POST request to &amp#27;[0m&amp#27;[32m&amp#27;[1m"/bookings"&amp#27;[0m&amp#27;[32m with body:&amp#27;[0m                     &amp#27;[90m# com.classroom.bdd.steps.ApiGatewayStepDefinitions.iSendAPostRequestWithBody(java.lang.String,java.lang.String)&amp#27;[0m
  &amp#27;[32mThen &amp#27;[0m&amp#27;[32mthe HTTP response status should be &amp#27;[0m&amp#27;[32m&amp#27;[1m"202"&amp#27;[0m                            &amp#27;[90m# com.classroom.bdd.steps.ApiGatewayStepDefinitions.theHttpResponseStatusShouldBe(java.lang.String)&amp#27;[0m
2026-06-01T14:38:30.787+05:30  INFO 14008 --- [           main] c.c.bdd.steps.ApiGatewayStepDefinitions  : [BDD] Response body contains field 'bookingId'
  &amp#27;[32mAnd &amp#27;[0m&amp#27;[32mthe response body should contain field &amp#27;[0m&amp#27;[32m&amp#27;[1m"bookingId"&amp#27;[0m                   &amp#27;[90m# com.classroom.bdd.steps.ApiGatewayStepDefinitions.theResponseBodyShouldContainField(java.lang.String)&amp#27;[0m
2026-06-01T14:38:30.789+05:30  INFO 14008 --- [           main] c.c.bdd.steps.ApiGatewayStepDefinitions  : [BDD] Response body field 'status' = 'PENDING'
  &amp#27;[32mAnd &amp#27;[0m&amp#27;[32mthe response body should contain field &amp#27;[0m&amp#27;[32m&amp#27;[1m"status"&amp#27;[0m&amp#27;[32m with value &amp#27;[0m&amp#27;[32m&amp#27;[1m"PENDING"&amp#27;[0m &amp#27;[90m# com.classroom.bdd.steps.ApiGatewayStepDefinitions.theResponseBodyShouldContainFieldWithValue(java.lang.String,java.lang.String)&amp#27;[0m
]]></system-out>
  </testcase>
  <testcase name="Booking request is forwarded to booking.requested queue" classname="API Gateway - Booking REST Endpoint" time="3.777">
    <system-out><![CDATA[
@api @camel @valid-request
Scenario: Booking request is forwarded to booking.requested queue   &amp#27;[90m# features/api_gateway.feature:34&amp#27;[0m
2026-06-01T14:38:30.929+05:30  INFO 14008 --- [           main] c.c.bdd.steps.CommonStepDefinitions      : [BDD-SETUP] Resetting state before scenario
2026-06-01T14:38:30.949+05:30  INFO 14008 --- [           main] c.c.bdd.steps.ApiGatewayStepDefinitions  : [BDD] API Gateway is UP on port 8080
  &amp#27;[32mGiven &amp#27;[0m&amp#27;[32mthe API gateway is running on port &amp#27;[0m&amp#27;[32m&amp#27;[1m"8080"&amp#27;[0m                   &amp#27;[90m# com.classroom.bdd.steps.ApiGatewayStepDefinitions.theApiGatewayIsRunningOnPort(java.lang.String)&amp#27;[0m
2026-06-01T14:38:30.956+05:30  INFO 14008 --- [           main] c.c.bdd.steps.ApiGatewayStepDefinitions  : [BDD] Gateway endpoint 'POST /bookings' is available (health OK)
  &amp#27;[32mAnd &amp#27;[0m&amp#27;[32mthe endpoint &amp#27;[0m&amp#27;[32m&amp#27;[1m"POST /bookings"&amp#27;[0m&amp#27;[32m is available&amp#27;[0m                    &amp#27;[90m# com.classroom.bdd.steps.ApiGatewayStepDefinitions.theEndpointIsAvailable(java.lang.String)&amp#27;[0m
2026-06-01T14:38:30.995+05:30  INFO 14008 --- [           main] c.c.bdd.steps.ApiGatewayStepDefinitions  : [BDD] POST http://localhost:8080/bookings [application/json] ? HTTP 202
  &amp#27;[32mWhen &amp#27;[0m&amp#27;[32mI send a POST request to &amp#27;[0m&amp#27;[32m&amp#27;[1m"/bookings"&amp#27;[0m&amp#27;[32m with body:&amp#27;[0m              &amp#27;[90m# com.classroom.bdd.steps.ApiGatewayStepDefinitions.iSendAPostRequestWithBody(java.lang.String,java.lang.String)&amp#27;[0m
  &amp#27;[32mThen &amp#27;[0m&amp#27;[32mthe HTTP response status should be &amp#27;[0m&amp#27;[32m&amp#27;[1m"202"&amp#27;[0m                     &amp#27;[90m# com.classroom.bdd.steps.ApiGatewayStepDefinitions.theHttpResponseStatusShouldBe(java.lang.String)&amp#27;[0m
2026-06-01T14:38:34.097+05:30  INFO 14008 --- [           main] c.c.b.s.MessagingFlowStepDefinitions     : [BDD] Queue 'booking.requested' appears empty — verifying downstream evidence (message likely consumed by live service)
2026-06-01T14:38:34.674+05:30  INFO 14008 --- [           main] c.c.b.s.MessagingFlowStepDefinitions     : [BDD] booking.requested verified via downstream evidence
  &amp#27;[32mAnd &amp#27;[0m&amp#27;[32man event should be published to the &amp#27;[0m&amp#27;[32m&amp#27;[1m"booking.requested"&amp#27;[0m&amp#27;[32m queue&amp#27;[0m &amp#27;[90m# com.classroom.bdd.steps.MessagingFlowStepDefinitions.anEventShouldBePublishedToQueue(java.lang.String)&amp#27;[0m
]]></system-out>
  </testcase>
  <testcase name="Missing classroomId returns 400 Bad Request" classname="API Gateway - Booking REST Endpoint" time="0.08">
    <system-out><![CDATA[
@api @camel @validation
Scenario: Missing classroomId returns 400 Bad Request  &amp#27;[90m# features/api_gateway.feature:55&amp#27;[0m
2026-06-01T14:38:34.698+05:30  INFO 14008 --- [           main] c.c.bdd.steps.CommonStepDefinitions      : [BDD-SETUP] Resetting state before scenario
2026-06-01T14:38:34.719+05:30  INFO 14008 --- [           main] c.c.bdd.steps.ApiGatewayStepDefinitions  : [BDD] API Gateway is UP on port 8080
  &amp#27;[32mGiven &amp#27;[0m&amp#27;[32mthe API gateway is running on port &amp#27;[0m&amp#27;[32m&amp#27;[1m"8080"&amp#27;[0m      &amp#27;[90m# com.classroom.bdd.steps.ApiGatewayStepDefinitions.theApiGatewayIsRunningOnPort(java.lang.String)&amp#27;[0m
2026-06-01T14:38:34.727+05:30  INFO 14008 --- [           main] c.c.bdd.steps.ApiGatewayStepDefinitions  : [BDD] Gateway endpoint 'POST /bookings' is available (health OK)
  &amp#27;[32mAnd &amp#27;[0m&amp#27;[32mthe endpoint &amp#27;[0m&amp#27;[32m&amp#27;[1m"POST /bookings"&amp#27;[0m&amp#27;[32m is available&amp#27;[0m       &amp#27;[90m# com.classroom.bdd.steps.ApiGatewayStepDefinitions.theEndpointIsAvailable(java.lang.String)&amp#27;[0m
2026-06-01T14:38:34.752+05:30  WARN 14008 --- [           main] c.c.bdd.steps.ApiGatewayStepDefinitions  : [BDD] POST http://localhost:8080/bookings [application/json] ? HTTP 400 (client error)
  &amp#27;[32mWhen &amp#27;[0m&amp#27;[32mI send a POST request to &amp#27;[0m&amp#27;[32m&amp#27;[1m"/bookings"&amp#27;[0m&amp#27;[32m with body:&amp#27;[0m &amp#27;[90m# com.classroom.bdd.steps.ApiGatewayStepDefinitions.iSendAPostRequestWithBody(java.lang.String,java.lang.String)&amp#27;[0m
  &amp#27;[32mThen &amp#27;[0m&amp#27;[32mthe HTTP response status should be &amp#27;[0m&amp#27;[32m&amp#27;[1m"400"&amp#27;[0m        &amp#27;[90m# com.classroom.bdd.steps.ApiGatewayStepDefinitions.theHttpResponseStatusShouldBe(java.lang.String)&amp#27;[0m
2026-06-01T14:38:34.755+05:30  INFO 14008 --- [           main] c.c.bdd.steps.ApiGatewayStepDefinitions  : [BDD] Response body contains field 'error'
  &amp#27;[32mAnd &amp#27;[0m&amp#27;[32mthe response body should contain field &amp#27;[0m&amp#27;[32m&amp#27;[1m"error"&amp#27;[0m   &amp#27;[90m# com.classroom.bdd.steps.ApiGatewayStepDefinitions.theResponseBodyShouldContainField(java.lang.String)&amp#27;[0m
]]></system-out>
  </testcase>
  <testcase name="Missing date returns 400 Bad Request" classname="API Gateway - Booking REST Endpoint" time="0.081">
    <system-out><![CDATA[
@api @camel @validation
Scenario: Missing date returns 400 Bad Request         &amp#27;[90m# features/api_gateway.feature:71&amp#27;[0m
2026-06-01T14:38:34.779+05:30  INFO 14008 --- [           main] c.c.bdd.steps.CommonStepDefinitions      : [BDD-SETUP] Resetting state before scenario
2026-06-01T14:38:34.814+05:30  INFO 14008 --- [           main] c.c.bdd.steps.ApiGatewayStepDefinitions  : [BDD] API Gateway is UP on port 8080
  &amp#27;[32mGiven &amp#27;[0m&amp#27;[32mthe API gateway is running on port &amp#27;[0m&amp#27;[32m&amp#27;[1m"8080"&amp#27;[0m      &amp#27;[90m# com.classroom.bdd.steps.ApiGatewayStepDefinitions.theApiGatewayIsRunningOnPort(java.lang.String)&amp#27;[0m
2026-06-01T14:38:34.822+05:30  INFO 14008 --- [           main] c.c.bdd.steps.ApiGatewayStepDefinitions  : [BDD] Gateway endpoint 'POST /bookings' is available (health OK)
  &amp#27;[32mAnd &amp#27;[0m&amp#27;[32mthe endpoint &amp#27;[0m&amp#27;[32m&amp#27;[1m"POST /bookings"&amp#27;[0m&amp#27;[32m is available&amp#27;[0m       &amp#27;[90m# com.classroom.bdd.steps.ApiGatewayStepDefinitions.theEndpointIsAvailable(java.lang.String)&amp#27;[0m
2026-06-01T14:38:34.836+05:30  WARN 14008 --- [           main] c.c.bdd.steps.ApiGatewayStepDefinitions  : [BDD] POST http://localhost:8080/bookings [application/json] ? HTTP 400 (client error)
  &amp#27;[32mWhen &amp#27;[0m&amp#27;[32mI send a POST request to &amp#27;[0m&amp#27;[32m&amp#27;[1m"/bookings"&amp#27;[0m&amp#27;[32m with body:&amp#27;[0m &amp#27;[90m# com.classroom.bdd.steps.ApiGatewayStepDefinitions.iSendAPostRequestWithBody(java.lang.String,java.lang.String)&amp#27;[0m
  &amp#27;[32mThen &amp#27;[0m&amp#27;[32mthe HTTP response status should be &amp#27;[0m&amp#27;[32m&amp#27;[1m"400"&amp#27;[0m        &amp#27;[90m# com.classroom.bdd.steps.ApiGatewayStepDefinitions.theHttpResponseStatusShouldBe(java.lang.String)&amp#27;[0m
]]></system-out>
  </testcase>
  <testcase name="Missing requestedBy returns 400 Bad Request" classname="API Gateway - Booking REST Endpoint" time="0.07">
    <system-out><![CDATA[
@api @camel @validation
Scenario: Missing requestedBy returns 400 Bad Request  &amp#27;[90m# features/api_gateway.feature:86&amp#27;[0m
2026-06-01T14:38:34.862+05:30  INFO 14008 --- [           main] c.c.bdd.steps.CommonStepDefinitions      : [BDD-SETUP] Resetting state before scenario
2026-06-01T14:38:34.893+05:30  INFO 14008 --- [           main] c.c.bdd.steps.ApiGatewayStepDefinitions  : [BDD] API Gateway is UP on port 8080
  &amp#27;[32mGiven &amp#27;[0m&amp#27;[32mthe API gateway is running on port &amp#27;[0m&amp#27;[32m&amp#27;[1m"8080"&amp#27;[0m      &amp#27;[90m# com.classroom.bdd.steps.ApiGatewayStepDefinitions.theApiGatewayIsRunningOnPort(java.lang.String)&amp#27;[0m
2026-06-01T14:38:34.898+05:30  INFO 14008 --- [           main] c.c.bdd.steps.ApiGatewayStepDefinitions  : [BDD] Gateway endpoint 'POST /bookings' is available (health OK)
  &amp#27;[32mAnd &amp#27;[0m&amp#27;[32mthe endpoint &amp#27;[0m&amp#27;[32m&amp#27;[1m"POST /bookings"&amp#27;[0m&amp#27;[32m is available&amp#27;[0m       &amp#27;[90m# com.classroom.bdd.steps.ApiGatewayStepDefinitions.theEndpointIsAvailable(java.lang.String)&amp#27;[0m
2026-06-01T14:38:34.910+05:30  WARN 14008 --- [           main] c.c.bdd.steps.ApiGatewayStepDefinitions  : [BDD] POST http://localhost:8080/bookings [application/json] ? HTTP 400 (client error)
  &amp#27;[32mWhen &amp#27;[0m&amp#27;[32mI send a POST request to &amp#27;[0m&amp#27;[32m&amp#27;[1m"/bookings"&amp#27;[0m&amp#27;[32m with body:&amp#27;[0m &amp#27;[90m# com.classroom.bdd.steps.ApiGatewayStepDefinitions.iSendAPostRequestWithBody(java.lang.String,java.lang.String)&amp#27;[0m
  &amp#27;[32mThen &amp#27;[0m&amp#27;[32mthe HTTP response status should be &amp#27;[0m&amp#27;[32m&amp#27;[1m"400"&amp#27;[0m        &amp#27;[90m# com.classroom.bdd.steps.ApiGatewayStepDefinitions.theHttpResponseStatusShouldBe(java.lang.String)&amp#27;[0m
]]></system-out>
  </testcase>
  <testcase name="Invalid date format returns 400 Bad Request" classname="API Gateway - Booking REST Endpoint" time="0.065">
    <system-out><![CDATA[
@api @camel @validation
Scenario: Invalid date format returns 400 Bad Request  &amp#27;[90m# features/api_gateway.feature:101&amp#27;[0m
2026-06-01T14:38:34.928+05:30  INFO 14008 --- [           main] c.c.bdd.steps.CommonStepDefinitions      : [BDD-SETUP] Resetting state before scenario
2026-06-01T14:38:34.947+05:30  INFO 14008 --- [           main] c.c.bdd.steps.ApiGatewayStepDefinitions  : [BDD] API Gateway is UP on port 8080
  &amp#27;[32mGiven &amp#27;[0m&amp#27;[32mthe API gateway is running on port &amp#27;[0m&amp#27;[32m&amp#27;[1m"8080"&amp#27;[0m      &amp#27;[90m# com.classroom.bdd.steps.ApiGatewayStepDefinitions.theApiGatewayIsRunningOnPort(java.lang.String)&amp#27;[0m
2026-06-01T14:38:34.956+05:30  INFO 14008 --- [           main] c.c.bdd.steps.ApiGatewayStepDefinitions  : [BDD] Gateway endpoint 'POST /bookings' is available (health OK)
  &amp#27;[32mAnd &amp#27;[0m&amp#27;[32mthe endpoint &amp#27;[0m&amp#27;[32m&amp#27;[1m"POST /bookings"&amp#27;[0m&amp#27;[32m is available&amp#27;[0m       &amp#27;[90m# com.classroom.bdd.steps.ApiGatewayStepDefinitions.theEndpointIsAvailable(java.lang.String)&amp#27;[0m
2026-06-01T14:38:34.974+05:30  WARN 14008 --- [           main] c.c.bdd.steps.ApiGatewayStepDefinitions  : [BDD] POST http://localhost:8080/bookings [application/json] ? HTTP 400 (client error)
  &amp#27;[32mWhen &amp#27;[0m&amp#27;[32mI send a POST request to &amp#27;[0m&amp#27;[32m&amp#27;[1m"/bookings"&amp#27;[0m&amp#27;[32m with body:&amp#27;[0m &amp#27;[90m# com.classroom.bdd.steps.ApiGatewayStepDefinitions.iSendAPostRequestWithBody(java.lang.String,java.lang.String)&amp#27;[0m
  &amp#27;[32mThen &amp#27;[0m&amp#27;[32mthe HTTP response status should be &amp#27;[0m&amp#27;[32m&amp#27;[1m"400"&amp#27;[0m        &amp#27;[90m# com.classroom.bdd.steps.ApiGatewayStepDefinitions.theHttpResponseStatusShouldBe(java.lang.String)&amp#27;[0m
]]></system-out>
  </testcase>
  <testcase name="End time before start time returns 400 Bad Request" classname="API Gateway - Booking REST Endpoint" time="0.105">
    <system-out><![CDATA[
@api @camel @validation
Scenario: End time before start time returns 400 Bad Request             &amp#27;[90m# features/api_gateway.feature:117&amp#27;[0m
2026-06-01T14:38:34.997+05:30  INFO 14008 --- [           main] c.c.bdd.steps.CommonStepDefinitions      : [BDD-SETUP] Resetting state before scenario
2026-06-01T14:38:35.048+05:30  INFO 14008 --- [           main] c.c.bdd.steps.ApiGatewayStepDefinitions  : [BDD] API Gateway is UP on port 8080
  &amp#27;[32mGiven &amp#27;[0m&amp#27;[32mthe API gateway is running on port &amp#27;[0m&amp#27;[32m&amp#27;[1m"8080"&amp#27;[0m                        &amp#27;[90m# com.classroom.bdd.steps.ApiGatewayStepDefinitions.theApiGatewayIsRunningOnPort(java.lang.String)&amp#27;[0m
2026-06-01T14:38:35.058+05:30  INFO 14008 --- [           main] c.c.bdd.steps.ApiGatewayStepDefinitions  : [BDD] Gateway endpoint 'POST /bookings' is available (health OK)
  &amp#27;[32mAnd &amp#27;[0m&amp#27;[32mthe endpoint &amp#27;[0m&amp#27;[32m&amp#27;[1m"POST /bookings"&amp#27;[0m&amp#27;[32m is available&amp#27;[0m                         &amp#27;[90m# com.classroom.bdd.steps.ApiGatewayStepDefinitions.theEndpointIsAvailable(java.lang.String)&amp#27;[0m
2026-06-01T14:38:35.080+05:30  WARN 14008 --- [           main] c.c.bdd.steps.ApiGatewayStepDefinitions  : [BDD] POST http://localhost:8080/bookings [application/json] ? HTTP 400 (client error)
  &amp#27;[32mWhen &amp#27;[0m&amp#27;[32mI send a POST request to &amp#27;[0m&amp#27;[32m&amp#27;[1m"/bookings"&amp#27;[0m&amp#27;[32m with body:&amp#27;[0m                   &amp#27;[90m# com.classroom.bdd.steps.ApiGatewayStepDefinitions.iSendAPostRequestWithBody(java.lang.String,java.lang.String)&amp#27;[0m
  &amp#27;[32mThen &amp#27;[0m&amp#27;[32mthe HTTP response status should be &amp#27;[0m&amp#27;[32m&amp#27;[1m"400"&amp#27;[0m                          &amp#27;[90m# com.classroom.bdd.steps.ApiGatewayStepDefinitions.theHttpResponseStatusShouldBe(java.lang.String)&amp#27;[0m
2026-06-01T14:38:35.081+05:30  INFO 14008 --- [           main] c.c.bdd.steps.ApiGatewayStepDefinitions  : [BDD] Response body contains 'endTime must be after startTime'
  &amp#27;[32mAnd &amp#27;[0m&amp#27;[32mthe response body should contain &amp#27;[0m&amp#27;[32m&amp#27;[1m"endTime must be after startTime"&amp#27;[0m &amp#27;[90m# com.classroom.bdd.steps.ApiGatewayStepDefinitions.theResponseBodyShouldContain(java.lang.String)&amp#27;[0m
]]></system-out>
  </testcase>
  <testcase name="Empty request body returns 400 Bad Request" classname="API Gateway - Booking REST Endpoint" time="0.073">
    <system-out><![CDATA[
@api @camel @validation
Scenario: Empty request body returns 400 Bad Request           &amp#27;[90m# features/api_gateway.feature:134&amp#27;[0m
2026-06-01T14:38:35.103+05:30  INFO 14008 --- [           main] c.c.bdd.steps.CommonStepDefinitions      : [BDD-SETUP] Resetting state before scenario
2026-06-01T14:38:35.129+05:30  INFO 14008 --- [           main] c.c.bdd.steps.ApiGatewayStepDefinitions  : [BDD] API Gateway is UP on port 8080
  &amp#27;[32mGiven &amp#27;[0m&amp#27;[32mthe API gateway is running on port &amp#27;[0m&amp#27;[32m&amp#27;[1m"8080"&amp#27;[0m              &amp#27;[90m# com.classroom.bdd.steps.ApiGatewayStepDefinitions.theApiGatewayIsRunningOnPort(java.lang.String)&amp#27;[0m
2026-06-01T14:38:35.137+05:30  INFO 14008 --- [           main] c.c.bdd.steps.ApiGatewayStepDefinitions  : [BDD] Gateway endpoint 'POST /bookings' is available (health OK)
  &amp#27;[32mAnd &amp#27;[0m&amp#27;[32mthe endpoint &amp#27;[0m&amp#27;[32m&amp#27;[1m"POST /bookings"&amp#27;[0m&amp#27;[32m is available&amp#27;[0m               &amp#27;[90m# com.classroom.bdd.steps.ApiGatewayStepDefinitions.theEndpointIsAvailable(java.lang.String)&amp#27;[0m
2026-06-01T14:38:35.156+05:30  WARN 14008 --- [           main] c.c.bdd.steps.ApiGatewayStepDefinitions  : [BDD] POST http://localhost:8080/bookings [application/json] ? HTTP 400 (client error)
  &amp#27;[32mWhen &amp#27;[0m&amp#27;[32mI send a POST request to &amp#27;[0m&amp#27;[32m&amp#27;[1m"/bookings"&amp#27;[0m&amp#27;[32m with an empty body&amp#27;[0m &amp#27;[90m# com.classroom.bdd.steps.ApiGatewayStepDefinitions.iSendAPostRequestWithEmptyBody(java.lang.String)&amp#27;[0m
  &amp#27;[32mThen &amp#27;[0m&amp#27;[32mthe HTTP response status should be &amp#27;[0m&amp#27;[32m&amp#27;[1m"400"&amp#27;[0m                &amp#27;[90m# com.classroom.bdd.steps.ApiGatewayStepDefinitions.theHttpResponseStatusShouldBe(java.lang.String)&amp#27;[0m
]]></system-out>
  </testcase>
  <testcase name="Request with non-JSON content type returns 415 Unsupported Media Type" classname="API Gateway - Booking REST Endpoint" time="0.066">
    <system-out><![CDATA[
@api @camel @content-type
Scenario: Request with non-JSON content type returns 415 Unsupported Media Type                          &amp#27;[90m# features/api_gateway.feature:143&amp#27;[0m
2026-06-01T14:38:35.178+05:30  INFO 14008 --- [           main] c.c.bdd.steps.CommonStepDefinitions      : [BDD-SETUP] Resetting state before scenario
2026-06-01T14:38:35.201+05:30  INFO 14008 --- [           main] c.c.bdd.steps.ApiGatewayStepDefinitions  : [BDD] API Gateway is UP on port 8080
  &amp#27;[32mGiven &amp#27;[0m&amp#27;[32mthe API gateway is running on port &amp#27;[0m&amp#27;[32m&amp#27;[1m"8080"&amp#27;[0m                                                        &amp#27;[90m# com.classroom.bdd.steps.ApiGatewayStepDefinitions.theApiGatewayIsRunningOnPort(java.lang.String)&amp#27;[0m
2026-06-01T14:38:35.208+05:30  INFO 14008 --- [           main] c.c.bdd.steps.ApiGatewayStepDefinitions  : [BDD] Gateway endpoint 'POST /bookings' is available (health OK)
  &amp#27;[32mAnd &amp#27;[0m&amp#27;[32mthe endpoint &amp#27;[0m&amp#27;[32m&amp#27;[1m"POST /bookings"&amp#27;[0m&amp#27;[32m is available&amp#27;[0m                                                         &amp#27;[90m# com.classroom.bdd.steps.ApiGatewayStepDefinitions.theEndpointIsAvailable(java.lang.String)&amp#27;[0m
2026-06-01T14:38:35.219+05:30  WARN 14008 --- [           main] c.c.bdd.steps.ApiGatewayStepDefinitions  : [BDD] POST http://localhost:8080/bookings [text/plain] ? HTTP 415 (client error)
  &amp#27;[32mWhen &amp#27;[0m&amp#27;[32mI send a POST request to &amp#27;[0m&amp#27;[32m&amp#27;[1m"/bookings"&amp#27;[0m&amp#27;[32m with content type &amp#27;[0m&amp#27;[32m&amp#27;[1m"text/plain"&amp#27;[0m&amp#27;[32m and body &amp#27;[0m&amp#27;[32m&amp#27;[1m"classroomId=CR-101"&amp#27;[0m &amp#27;[90m# com.classroom.bdd.steps.ApiGatewayStepDefinitions.iSendAPostRequestWithContentTypeAndBody(java.lang.String,java.lang.String,java.lang.String)&amp#27;[0m
  &amp#27;[32mThen &amp#27;[0m&amp#27;[32mthe HTTP response status should be &amp#27;[0m&amp#27;[32m&amp#27;[1m"415"&amp#27;[0m                                                          &amp#27;[90m# com.classroom.bdd.steps.ApiGatewayStepDefinitions.theHttpResponseStatusShouldBe(java.lang.String)&amp#27;[0m
]]></system-out>
  </testcase>
  <testcase name="Camel route logs incoming booking request" classname="API Gateway - Booking REST Endpoint" time="0.075">
    <system-out><![CDATA[
@api @camel @logging
Scenario: Camel route logs incoming booking request                                       &amp#27;[90m# features/api_gateway.feature:152&amp#27;[0m
2026-06-01T14:38:35.241+05:30  INFO 14008 --- [           main] c.c.bdd.steps.CommonStepDefinitions      : [BDD-SETUP] Resetting state before scenario
2026-06-01T14:38:35.256+05:30  INFO 14008 --- [           main] c.c.bdd.steps.ApiGatewayStepDefinitions  : [BDD] API Gateway is UP on port 8080
  &amp#27;[32mGiven &amp#27;[0m&amp#27;[32mthe API gateway is running on port &amp#27;[0m&amp#27;[32m&amp#27;[1m"8080"&amp#27;[0m                                         &amp#27;[90m# com.classroom.bdd.steps.ApiGatewayStepDefinitions.theApiGatewayIsRunningOnPort(java.lang.String)&amp#27;[0m
2026-06-01T14:38:35.261+05:30  INFO 14008 --- [           main] c.c.bdd.steps.ApiGatewayStepDefinitions  : [BDD] Gateway endpoint 'POST /bookings' is available (health OK)
  &amp#27;[32mAnd &amp#27;[0m&amp#27;[32mthe endpoint &amp#27;[0m&amp#27;[32m&amp#27;[1m"POST /bookings"&amp#27;[0m&amp#27;[32m is available&amp#27;[0m                                          &amp#27;[90m# com.classroom.bdd.steps.ApiGatewayStepDefinitions.theEndpointIsAvailable(java.lang.String)&amp#27;[0m
2026-06-01T14:38:35.292+05:30  INFO 14008 --- [           main] c.c.bdd.steps.ApiGatewayStepDefinitions  : [BDD] POST http://localhost:8080/bookings [application/json] ? HTTP 202
  &amp#27;[32mWhen &amp#27;[0m&amp#27;[32mI send a POST request to &amp#27;[0m&amp#27;[32m&amp#27;[1m"/bookings"&amp#27;[0m&amp#27;[32m with body:&amp#27;[0m                                    &amp#27;[90m# com.classroom.bdd.steps.ApiGatewayStepDefinitions.iSendAPostRequestWithBody(java.lang.String,java.lang.String)&amp#27;[0m
2026-06-01T14:38:35.293+05:30  INFO 14008 --- [           main] c.c.bdd.steps.ApiGatewayStepDefinitions  : [BDD] Verifying Camel route processed request (log fragment: 'Received booking request for classroom CR-103')
  &amp#27;[32mThen &amp#27;[0m&amp#27;[32mthe Camel route log should contain &amp#27;[0m&amp#27;[32m&amp#27;[1m"Received booking request for classroom CR-103"&amp#27;[0m &amp#27;[90m# com.classroom.bdd.steps.ApiGatewayStepDefinitions.theCamelRouteLogShouldContain(java.lang.String)&amp#27;[0m
]]></system-out>
  </testcase>
  <testcase name="Health endpoint returns 200 OK" classname="API Gateway - Booking REST Endpoint" time="0.069">
    <system-out><![CDATA[
@api @camel @health
Scenario: Health endpoint returns 200 OK                              &amp#27;[90m# features/api_gateway.feature:172&amp#27;[0m
2026-06-01T14:38:35.315+05:30  INFO 14008 --- [           main] c.c.bdd.steps.CommonStepDefinitions      : [BDD-SETUP] Resetting state before scenario
2026-06-01T14:38:35.331+05:30  INFO 14008 --- [           main] c.c.bdd.steps.ApiGatewayStepDefinitions  : [BDD] API Gateway is UP on port 8080
  &amp#27;[32mGiven &amp#27;[0m&amp#27;[32mthe API gateway is running on port &amp#27;[0m&amp#27;[32m&amp#27;[1m"8080"&amp#27;[0m                     &amp#27;[90m# com.classroom.bdd.steps.ApiGatewayStepDefinitions.theApiGatewayIsRunningOnPort(java.lang.String)&amp#27;[0m
2026-06-01T14:38:35.338+05:30  INFO 14008 --- [           main] c.c.bdd.steps.ApiGatewayStepDefinitions  : [BDD] Gateway endpoint 'POST /bookings' is available (health OK)
  &amp#27;[32mAnd &amp#27;[0m&amp#27;[32mthe endpoint &amp#27;[0m&amp#27;[32m&amp#27;[1m"POST /bookings"&amp#27;[0m&amp#27;[32m is available&amp#27;[0m                      &amp#27;[90m# com.classroom.bdd.steps.ApiGatewayStepDefinitions.theEndpointIsAvailable(java.lang.String)&amp#27;[0m
2026-06-01T14:38:35.358+05:30  INFO 14008 --- [           main] c.c.bdd.steps.ApiGatewayStepDefinitions  : [BDD] GET /actuator/health ? HTTP 200
  &amp#27;[32mWhen &amp#27;[0m&amp#27;[32mI send a GET request to &amp#27;[0m&amp#27;[32m&amp#27;[1m"/actuator/health"&amp#27;[0m                     &amp#27;[90m# com.classroom.bdd.steps.ApiGatewayStepDefinitions.iSendAGetRequest(java.lang.String)&amp#27;[0m
  &amp#27;[32mThen &amp#27;[0m&amp#27;[32mthe HTTP response status should be &amp#27;[0m&amp#27;[32m&amp#27;[1m"200"&amp#27;[0m                       &amp#27;[90m# com.classroom.bdd.steps.ApiGatewayStepDefinitions.theHttpResponseStatusShouldBe(java.lang.String)&amp#27;[0m
2026-06-01T14:38:35.362+05:30  INFO 14008 --- [           main] c.c.bdd.steps.ApiGatewayStepDefinitions  : [BDD] Response body field 'status' = 'UP'
  &amp#27;[32mAnd &amp#27;[0m&amp#27;[32mthe response body should contain field &amp#27;[0m&amp#27;[32m&amp#27;[1m"status"&amp#27;[0m&amp#27;[32m with value &amp#27;[0m&amp#27;[32m&amp#27;[1m"UP"&amp#27;[0m &amp#27;[90m# com.classroom.bdd.steps.ApiGatewayStepDefinitions.theResponseBodyShouldContainFieldWithValue(java.lang.String,java.lang.String)&amp#27;[0m
]]></system-out>
  </testcase>
  <testcase name="Booking creation produces a CREATED audit event" classname="Audit Logging - Booking Audit Trail via MongoDB" time="1.658">
    <system-out><![CDATA[
@audit @camel @smoke @audit-created
Scenario: Booking creation produces a CREATED audit event            &amp#27;[90m# features/audit_logging.feature:16&amp#27;[0m
2026-06-01T14:38:35.397+05:30  INFO 14008 --- [           main] c.c.bdd.steps.CommonStepDefinitions      : [BDD-SETUP] Resetting state before scenario
2026-06-01T14:38:35.430+05:30  INFO 14008 --- [           main] c.c.bdd.steps.ApiGatewayStepDefinitions  : [BDD] API Gateway is UP on port 8080
  &amp#27;[32mGiven &amp#27;[0m&amp#27;[32mthe API gateway is running on port &amp#27;[0m&amp#27;[32m&amp#27;[1m"8080"&amp#27;[0m                    &amp#27;[90m# com.classroom.bdd.steps.ApiGatewayStepDefinitions.theApiGatewayIsRunningOnPort(java.lang.String)&amp#27;[0m
2026-06-01T14:38:35.444+05:30  INFO 14008 --- [           main] c.c.bdd.steps.AuditStepDefinitions       : [BDD] Audit service is UP on port 8084
  &amp#27;[32mAnd &amp#27;[0m&amp#27;[32mthe audit service is running on port &amp#27;[0m&amp#27;[32m&amp#27;[1m"8084"&amp#27;[0m                    &amp#27;[90m# com.classroom.bdd.steps.AuditStepDefinitions.theAuditServiceIsRunningOnPort(java.lang.String)&amp#27;[0m
2026-06-01T14:38:35.477+05:30  INFO 14008 --- [           main] c.c.bdd.steps.ApiGatewayStepDefinitions  : [BDD] POST http://localhost:8080/bookings [application/json] ? HTTP 202
  &amp#27;[32mWhen &amp#27;[0m&amp#27;[32mI send a POST request to &amp#27;[0m&amp#27;[32m&amp#27;[1m"/bookings"&amp#27;[0m&amp#27;[32m with body:&amp#27;[0m               &amp#27;[90m# com.classroom.bdd.steps.ApiGatewayStepDefinitions.iSendAPostRequestWithBody(java.lang.String,java.lang.String)&amp#27;[0m
  &amp#27;[32mThen &amp#27;[0m&amp#27;[32mthe HTTP response status should be &amp#27;[0m&amp#27;[32m&amp#27;[1m"202"&amp#27;[0m                      &amp#27;[90m# com.classroom.bdd.steps.ApiGatewayStepDefinitions.theHttpResponseStatusShouldBe(java.lang.String)&amp#27;[0m
2026-06-01T14:38:35.478+05:30  INFO 14008 --- [           main] c.c.bdd.steps.ApiGatewayStepDefinitions  : [BDD] Response body contains field 'bookingId'
  &amp#27;[32mAnd &amp#27;[0m&amp#27;[32mthe response body should contain field &amp#27;[0m&amp#27;[32m&amp#27;[1m"bookingId"&amp#27;[0m             &amp#27;[90m# com.classroom.bdd.steps.ApiGatewayStepDefinitions.theResponseBodyShouldContainField(java.lang.String)&amp#27;[0m
2026-06-01T14:38:36.996+05:30  INFO 14008 --- [           main] c.c.bdd.steps.AuditStepDefinitions       : [BDD] GET http://localhost:8084/audit/bookings/BK-6d3a2ffc ? HTTP 200 | body length=432
  &amp#27;[32mWhen &amp#27;[0m&amp#27;[32mI query the audit trail for the last booking&amp#27;[0m                  &amp#27;[90m# com.classroom.bdd.steps.AuditStepDefinitions.iQueryTheAuditTrailForTheLastBooking()&amp#27;[0m
2026-06-01T14:38:36.997+05:30  INFO 14008 --- [           main] c.c.bdd.steps.AuditStepDefinitions       : [BDD] Audit trail contains action 'CREATED'
  &amp#27;[32mThen &amp#27;[0m&amp#27;[32mthe audit trail should contain an event with action &amp#27;[0m&amp#27;[32m&amp#27;[1m"CREATED"&amp#27;[0m &amp#27;[90m# com.classroom.bdd.steps.AuditStepDefinitions.theAuditTrailShouldContainAnEventWithAction(java.lang.String)&amp#27;[0m
  &amp#27;[32mAnd &amp#27;[0m&amp#27;[32mthe audit event should have source &amp#27;[0m&amp#27;[32m&amp#27;[1m"api-gateway"&amp#27;[0m               &amp#27;[90m# com.classroom.bdd.steps.AuditStepDefinitions.theAuditEventShouldHaveSource(java.lang.String)&amp#27;[0m
  &amp#27;[32mAnd &amp#27;[0m&amp#27;[32mthe audit event payload should contain &amp#27;[0m&amp#27;[32m&amp#27;[1m"CR-AUDIT-101"&amp#27;[0m          &amp#27;[90m# com.classroom.bdd.steps.AuditStepDefinitions.theAuditEventPayloadShouldContain(java.lang.String)&amp#27;[0m
]]></system-out>
  </testcase>
  <testcase name="Audit trail returns events in chronological order" classname="Audit Logging - Booking Audit Trail via MongoDB" time="1.583">
    <system-out><![CDATA[
@audit @camel @audit-trail
Scenario: Audit trail returns events in chronological order &amp#27;[90m# features/audit_logging.feature:37&amp#27;[0m
2026-06-01T14:38:37.046+05:30  INFO 14008 --- [           main] c.c.bdd.steps.CommonStepDefinitions      : [BDD-SETUP] Resetting state before scenario
2026-06-01T14:38:37.065+05:30  INFO 14008 --- [           main] c.c.bdd.steps.ApiGatewayStepDefinitions  : [BDD] API Gateway is UP on port 8080
  &amp#27;[32mGiven &amp#27;[0m&amp#27;[32mthe API gateway is running on port &amp#27;[0m&amp#27;[32m&amp#27;[1m"8080"&amp#27;[0m           &amp#27;[90m# com.classroom.bdd.steps.ApiGatewayStepDefinitions.theApiGatewayIsRunningOnPort(java.lang.String)&amp#27;[0m
2026-06-01T14:38:37.071+05:30  INFO 14008 --- [           main] c.c.bdd.steps.AuditStepDefinitions       : [BDD] Audit service is UP on port 8084
  &amp#27;[32mAnd &amp#27;[0m&amp#27;[32mthe audit service is running on port &amp#27;[0m&amp#27;[32m&amp#27;[1m"8084"&amp#27;[0m           &amp#27;[90m# com.classroom.bdd.steps.AuditStepDefinitions.theAuditServiceIsRunningOnPort(java.lang.String)&amp#27;[0m
2026-06-01T14:38:37.094+05:30  INFO 14008 --- [           main] c.c.bdd.steps.ApiGatewayStepDefinitions  : [BDD] POST http://localhost:8080/bookings [application/json] ? HTTP 202
  &amp#27;[32mWhen &amp#27;[0m&amp#27;[32mI send a POST request to &amp#27;[0m&amp#27;[32m&amp#27;[1m"/bookings"&amp#27;[0m&amp#27;[32m with body:&amp#27;[0m      &amp#27;[90m# com.classroom.bdd.steps.ApiGatewayStepDefinitions.iSendAPostRequestWithBody(java.lang.String,java.lang.String)&amp#27;[0m
  &amp#27;[32mThen &amp#27;[0m&amp#27;[32mthe HTTP response status should be &amp#27;[0m&amp#27;[32m&amp#27;[1m"202"&amp#27;[0m             &amp#27;[90m# com.classroom.bdd.steps.ApiGatewayStepDefinitions.theHttpResponseStatusShouldBe(java.lang.String)&amp#27;[0m
2026-06-01T14:38:38.603+05:30  INFO 14008 --- [           main] c.c.bdd.steps.AuditStepDefinitions       : [BDD] GET http://localhost:8084/audit/bookings/BK-e9e3ffab ? HTTP 200 | body length=432
  &amp#27;[32mWhen &amp#27;[0m&amp#27;[32mI query the audit trail for the last booking&amp#27;[0m         &amp#27;[90m# com.classroom.bdd.steps.AuditStepDefinitions.iQueryTheAuditTrailForTheLastBooking()&amp#27;[0m
  &amp#27;[32mThen &amp#27;[0m&amp#27;[32mthe audit trail should have at least &amp#27;[0m&amp#27;[32m&amp#27;[1m1&amp#27;[0m&amp#27;[32m event&amp#27;[0m         &amp#27;[90m# com.classroom.bdd.steps.AuditStepDefinitions.theAuditTrailShouldHaveAtLeastNEvents(int)&amp#27;[0m
  &amp#27;[32mAnd &amp#27;[0m&amp#27;[32mthe first audit event should have action &amp#27;[0m&amp#27;[32m&amp#27;[1m"CREATED"&amp#27;[0m    &amp#27;[90m# com.classroom.bdd.steps.AuditStepDefinitions.theFirstAuditEventShouldHaveAction(java.lang.String)&amp#27;[0m
]]></system-out>
  </testcase>
  <testcase name="Audit endpoint returns 404 for unknown booking ID" classname="Audit Logging - Booking Audit Trail via MongoDB" time="1.567">
    <system-out><![CDATA[
@audit @camel @audit-not-found
Scenario: Audit endpoint returns 404 for unknown booking ID &amp#27;[90m# features/audit_logging.feature:56&amp#27;[0m
2026-06-01T14:38:38.625+05:30  INFO 14008 --- [           main] c.c.bdd.steps.CommonStepDefinitions      : [BDD-SETUP] Resetting state before scenario
2026-06-01T14:38:38.653+05:30  INFO 14008 --- [           main] c.c.bdd.steps.ApiGatewayStepDefinitions  : [BDD] API Gateway is UP on port 8080
  &amp#27;[32mGiven &amp#27;[0m&amp#27;[32mthe API gateway is running on port &amp#27;[0m&amp#27;[32m&amp#27;[1m"8080"&amp#27;[0m           &amp#27;[90m# com.classroom.bdd.steps.ApiGatewayStepDefinitions.theApiGatewayIsRunningOnPort(java.lang.String)&amp#27;[0m
2026-06-01T14:38:38.660+05:30  INFO 14008 --- [           main] c.c.bdd.steps.AuditStepDefinitions       : [BDD] Audit service is UP on port 8084
  &amp#27;[32mAnd &amp#27;[0m&amp#27;[32mthe audit service is running on port &amp#27;[0m&amp#27;[32m&amp#27;[1m"8084"&amp#27;[0m           &amp#27;[90m# com.classroom.bdd.steps.AuditStepDefinitions.theAuditServiceIsRunningOnPort(java.lang.String)&amp#27;[0m
2026-06-01T14:38:40.179+05:30  INFO 14008 --- [           main] c.c.bdd.steps.AuditStepDefinitions       : [BDD] GET http://localhost:8084/audit/bookings/BK-NONEXISTENT ? HTTP 404 (client error)
  &amp#27;[32mWhen &amp#27;[0m&amp#27;[32mI query the audit trail for booking &amp#27;[0m&amp#27;[32m&amp#27;[1m"BK-NONEXISTENT"&amp#27;[0m &amp#27;[90m# com.classroom.bdd.steps.AuditStepDefinitions.iQueryTheAuditTrailForBooking(java.lang.String)&amp#27;[0m
  &amp#27;[32mThen &amp#27;[0m&amp#27;[32mthe audit HTTP response status should be &amp#27;[0m&amp#27;[32m&amp#27;[1m"404"&amp#27;[0m       &amp#27;[90m# com.classroom.bdd.steps.AuditStepDefinitions.theAuditHttpResponseStatusShouldBe(java.lang.String)&amp#27;[0m
]]></system-out>
  </testcase>
  <testcase name="Audit events can be queried by classroom ID" classname="Audit Logging - Booking Audit Trail via MongoDB" time="0.079">
    <system-out><![CDATA[
@audit @camel @audit-classroom
Scenario: Audit events can be queried by classroom ID    &amp#27;[90m# features/audit_logging.feature:61&amp#27;[0m
2026-06-01T14:38:40.192+05:30  INFO 14008 --- [           main] c.c.bdd.steps.CommonStepDefinitions      : [BDD-SETUP] Resetting state before scenario
2026-06-01T14:38:40.208+05:30  INFO 14008 --- [           main] c.c.bdd.steps.ApiGatewayStepDefinitions  : [BDD] API Gateway is UP on port 8080
  &amp#27;[32mGiven &amp#27;[0m&amp#27;[32mthe API gateway is running on port &amp#27;[0m&amp#27;[32m&amp#27;[1m"8080"&amp#27;[0m        &amp#27;[90m# com.classroom.bdd.steps.ApiGatewayStepDefinitions.theApiGatewayIsRunningOnPort(java.lang.String)&amp#27;[0m
2026-06-01T14:38:40.215+05:30  INFO 14008 --- [           main] c.c.bdd.steps.AuditStepDefinitions       : [BDD] Audit service is UP on port 8084
  &amp#27;[32mAnd &amp#27;[0m&amp#27;[32mthe audit service is running on port &amp#27;[0m&amp#27;[32m&amp#27;[1m"8084"&amp#27;[0m        &amp#27;[90m# com.classroom.bdd.steps.AuditStepDefinitions.theAuditServiceIsRunningOnPort(java.lang.String)&amp#27;[0m
2026-06-01T14:38:40.238+05:30  INFO 14008 --- [           main] c.c.bdd.steps.ApiGatewayStepDefinitions  : [BDD] POST http://localhost:8080/bookings [application/json] ? HTTP 202
  &amp#27;[32mWhen &amp#27;[0m&amp#27;[32mI send a POST request to &amp#27;[0m&amp#27;[32m&amp#27;[1m"/bookings"&amp#27;[0m&amp#27;[32m with body:&amp#27;[0m   &amp#27;[90m# com.classroom.bdd.steps.ApiGatewayStepDefinitions.iSendAPostRequestWithBody(java.lang.String,java.lang.String)&amp#27;[0m
  &amp#27;[32mThen &amp#27;[0m&amp#27;[32mthe HTTP response status should be &amp#27;[0m&amp#27;[32m&amp#27;[1m"202"&amp#27;[0m          &amp#27;[90m# com.classroom.bdd.steps.ApiGatewayStepDefinitions.theHttpResponseStatusShouldBe(java.lang.String)&amp#27;[0m
2026-06-01T14:38:40.248+05:30  INFO 14008 --- [           main] c.c.bdd.steps.AuditStepDefinitions       : [BDD] GET http://localhost:8084/audit/classrooms/CR-AUDIT-200 ? HTTP 200
  &amp#27;[32mWhen &amp#27;[0m&amp#27;[32mI query audit events for classroom &amp#27;[0m&amp#27;[32m&amp#27;[1m"CR-AUDIT-200"&amp#27;[0m &amp#27;[90m# com.classroom.bdd.steps.AuditStepDefinitions.iQueryAuditEventsForClassroom(java.lang.String)&amp#27;[0m
  &amp#27;[32mThen &amp#27;[0m&amp#27;[32mthe classroom audit trail should not be empty&amp#27;[0m     &amp#27;[90m# com.classroom.bdd.steps.AuditStepDefinitions.theClassroomAuditTrailShouldNotBeEmpty()&amp#27;[0m
]]></system-out>
  </testcase>
  <testcase name="Classroom is available when no bookings exist" classname="Classroom Availability Check" time="0.127">
    <system-out><![CDATA[
@availability @smoke
Scenario: Classroom is available when no bookings exist                                           &amp#27;[90m# features/availability_check.feature:16&amp#27;[0m
2026-06-01T14:38:40.299+05:30  INFO 14008 --- [           main] c.c.bdd.steps.CommonStepDefinitions      : [BDD-SETUP] Resetting state before scenario
2026-06-01T14:38:40.318+05:30  INFO 14008 --- [           main] c.c.b.steps.AvailabilityStepDefinitions  : [BDD] Availability service health check passed
  &amp#27;[32mGiven &amp#27;[0m&amp#27;[32mthe availability service is running&amp#27;[0m                                                       &amp#27;[90m# com.classroom.bdd.steps.AvailabilityStepDefinitions.theAvailabilityServiceIsRunning()&amp#27;[0m
2026-06-01T14:38:40.324+05:30  INFO 14008 --- [           main] c.c.b.steps.AvailabilityStepDefinitions  : [BDD] Availability store cleared
  &amp#27;[32mAnd &amp#27;[0m&amp#27;[32mthe in-memory booking store is empty&amp#27;[0m                                                        &amp#27;[90m# com.classroom.bdd.steps.AvailabilityStepDefinitions.theInMemoryBookingStoreIsEmpty()&amp#27;[0m
2026-06-01T14:38:40.394+05:30  INFO 14008 --- [           main] c.c.b.steps.AvailabilityStepDefinitions  : [BDD] Availability check result: status=AVAILABLE conflict=null
  &amp#27;[32mWhen &amp#27;[0m&amp#27;[32mthe availability service checks classroom &amp#27;[0m&amp#27;[32m&amp#27;[1m"CR-101"&amp#27;[0m&amp#27;[32m on &amp#27;[0m&amp#27;[32m&amp#27;[1m"2026-06-01"&amp#27;[0m&amp#27;[32m from &amp#27;[0m&amp#27;[32m&amp#27;[1m"09:00"&amp#27;[0m&amp#27;[32m to &amp#27;[0m&amp#27;[32m&amp#27;[1m"10:00"&amp#27;[0m &amp#27;[90m# com.classroom.bdd.steps.AvailabilityStepDefinitions.availabilityServiceChecks(java.lang.String,java.lang.String,java.lang.String,java.lang.String)&amp#27;[0m
  &amp#27;[32mThen &amp#27;[0m&amp#27;[32mthe availability status should be &amp#27;[0m&amp#27;[32m&amp#27;[1m"AVAILABLE"&amp#27;[0m                                              &amp#27;[90m# com.classroom.bdd.steps.AvailabilityStepDefinitions.theAvailabilityStatusShouldBe(java.lang.String)&amp#27;[0m
]]></system-out>
  </testcase>
  <testcase name="Classroom is unavailable for an exact duplicate slot" classname="Classroom Availability Check" time="0.061">
    <system-out><![CDATA[
@availability @overlap
Scenario: Classroom is unavailable for an exact duplicate slot                                    &amp#27;[90m# features/availability_check.feature:25&amp#27;[0m
2026-06-01T14:38:40.411+05:30  INFO 14008 --- [           main] c.c.bdd.steps.CommonStepDefinitions      : [BDD-SETUP] Resetting state before scenario
2026-06-01T14:38:40.425+05:30  INFO 14008 --- [           main] c.c.b.steps.AvailabilityStepDefinitions  : [BDD] Availability service health check passed
  &amp#27;[32mGiven &amp#27;[0m&amp#27;[32mthe availability service is running&amp#27;[0m                                                       &amp#27;[90m# com.classroom.bdd.steps.AvailabilityStepDefinitions.theAvailabilityServiceIsRunning()&amp#27;[0m
2026-06-01T14:38:40.431+05:30  INFO 14008 --- [           main] c.c.b.steps.AvailabilityStepDefinitions  : [BDD] Availability store cleared
  &amp#27;[32mAnd &amp#27;[0m&amp#27;[32mthe in-memory booking store is empty&amp#27;[0m                                                        &amp#27;[90m# com.classroom.bdd.steps.AvailabilityStepDefinitions.theInMemoryBookingStoreIsEmpty()&amp#27;[0m
2026-06-01T14:38:40.444+05:30  INFO 14008 --- [           main] c.c.b.steps.AvailabilityStepDefinitions  : [BDD] Seeded booking for CR-101 on 2026-06-01 [09:00-10:00]
  &amp#27;[32mGiven &amp#27;[0m&amp#27;[32ma booking already exists for classroom &amp#27;[0m&amp#27;[32m&amp#27;[1m"CR-101"&amp#27;[0m&amp#27;[32m on &amp#27;[0m&amp#27;[32m&amp#27;[1m"2026-06-01"&amp#27;[0m&amp#27;[32m from &amp#27;[0m&amp#27;[32m&amp#27;[1m"09:00"&amp#27;[0m&amp#27;[32m to &amp#27;[0m&amp#27;[32m&amp#27;[1m"10:00"&amp#27;[0m   &amp#27;[90m# com.classroom.bdd.steps.AvailabilityStepDefinitions.aBookingAlreadyExistsForClassroom(java.lang.String,java.lang.String,java.lang.String,java.lang.String)&amp#27;[0m
2026-06-01T14:38:40.457+05:30  INFO 14008 --- [           main] c.c.b.steps.AvailabilityStepDefinitions  : [BDD] Availability check result: status=UNAVAILABLE conflict=Time slot is already booked
  &amp#27;[32mWhen &amp#27;[0m&amp#27;[32mthe availability service checks classroom &amp#27;[0m&amp#27;[32m&amp#27;[1m"CR-101"&amp#27;[0m&amp#27;[32m on &amp#27;[0m&amp#27;[32m&amp#27;[1m"2026-06-01"&amp#27;[0m&amp#27;[32m from &amp#27;[0m&amp#27;[32m&amp#27;[1m"09:00"&amp#27;[0m&amp#27;[32m to &amp#27;[0m&amp#27;[32m&amp#27;[1m"10:00"&amp#27;[0m &amp#27;[90m# com.classroom.bdd.steps.AvailabilityStepDefinitions.availabilityServiceChecks(java.lang.String,java.lang.String,java.lang.String,java.lang.String)&amp#27;[0m
  &amp#27;[32mThen &amp#27;[0m&amp#27;[32mthe availability status should be &amp#27;[0m&amp#27;[32m&amp#27;[1m"UNAVAILABLE"&amp#27;[0m                                            &amp#27;[90m# com.classroom.bdd.steps.AvailabilityStepDefinitions.theAvailabilityStatusShouldBe(java.lang.String)&amp#27;[0m
2026-06-01T14:38:40.458+05:30  INFO 14008 --- [           main] c.c.b.steps.AvailabilityStepDefinitions  : [BDD] Conflict details verified: Time slot is already booked
  &amp#27;[32mAnd &amp#27;[0m&amp#27;[32mthe conflict details should include the existing booking time &amp#27;[0m&amp#27;[32m&amp#27;[1m"09:00 - 10:00"&amp#27;[0m               &amp#27;[90m# com.classroom.bdd.steps.AvailabilityStepDefinitions.theConflictDetailsShouldInclude(java.lang.String)&amp#27;[0m
]]></system-out>
  </testcase>
  <testcase name="Classroom is unavailable when new slot overlaps start of existing booking" classname="Classroom Availability Check" time="0.063">
    <system-out><![CDATA[
@availability @overlap
Scenario: Classroom is unavailable when new slot overlaps start of existing booking               &amp#27;[90m# features/availability_check.feature:32&amp#27;[0m
2026-06-01T14:38:40.472+05:30  INFO 14008 --- [           main] c.c.bdd.steps.CommonStepDefinitions      : [BDD-SETUP] Resetting state before scenario
2026-06-01T14:38:40.488+05:30  INFO 14008 --- [           main] c.c.b.steps.AvailabilityStepDefinitions  : [BDD] Availability service health check passed
  &amp#27;[32mGiven &amp#27;[0m&amp#27;[32mthe availability service is running&amp#27;[0m                                                       &amp#27;[90m# com.classroom.bdd.steps.AvailabilityStepDefinitions.theAvailabilityServiceIsRunning()&amp#27;[0m
2026-06-01T14:38:40.492+05:30  INFO 14008 --- [           main] c.c.b.steps.AvailabilityStepDefinitions  : [BDD] Availability store cleared
  &amp#27;[32mAnd &amp#27;[0m&amp#27;[32mthe in-memory booking store is empty&amp#27;[0m                                                        &amp#27;[90m# com.classroom.bdd.steps.AvailabilityStepDefinitions.theInMemoryBookingStoreIsEmpty()&amp#27;[0m
2026-06-01T14:38:40.505+05:30  INFO 14008 --- [           main] c.c.b.steps.AvailabilityStepDefinitions  : [BDD] Seeded booking for CR-102 on 2026-06-02 [10:00-11:00]
  &amp#27;[32mGiven &amp#27;[0m&amp#27;[32ma booking already exists for classroom &amp#27;[0m&amp#27;[32m&amp#27;[1m"CR-102"&amp#27;[0m&amp#27;[32m on &amp#27;[0m&amp#27;[32m&amp#27;[1m"2026-06-02"&amp#27;[0m&amp#27;[32m from &amp#27;[0m&amp#27;[32m&amp#27;[1m"10:00"&amp#27;[0m&amp#27;[32m to &amp#27;[0m&amp#27;[32m&amp#27;[1m"11:00"&amp#27;[0m   &amp#27;[90m# com.classroom.bdd.steps.AvailabilityStepDefinitions.aBookingAlreadyExistsForClassroom(java.lang.String,java.lang.String,java.lang.String,java.lang.String)&amp#27;[0m
2026-06-01T14:38:40.520+05:30  INFO 14008 --- [           main] c.c.b.steps.AvailabilityStepDefinitions  : [BDD] Availability check result: status=UNAVAILABLE conflict=Time slot is already booked
  &amp#27;[32mWhen &amp#27;[0m&amp#27;[32mthe availability service checks classroom &amp#27;[0m&amp#27;[32m&amp#27;[1m"CR-102"&amp#27;[0m&amp#27;[32m on &amp#27;[0m&amp#27;[32m&amp#27;[1m"2026-06-02"&amp#27;[0m&amp#27;[32m from &amp#27;[0m&amp#27;[32m&amp#27;[1m"09:30"&amp#27;[0m&amp#27;[32m to &amp#27;[0m&amp#27;[32m&amp#27;[1m"10:30"&amp#27;[0m &amp#27;[90m# com.classroom.bdd.steps.AvailabilityStepDefinitions.availabilityServiceChecks(java.lang.String,java.lang.String,java.lang.String,java.lang.String)&amp#27;[0m
  &amp#27;[32mThen &amp#27;[0m&amp#27;[32mthe availability status should be &amp#27;[0m&amp#27;[32m&amp#27;[1m"UNAVAILABLE"&amp#27;[0m                                            &amp#27;[90m# com.classroom.bdd.steps.AvailabilityStepDefinitions.theAvailabilityStatusShouldBe(java.lang.String)&amp#27;[0m
]]></system-out>
  </testcase>
  <testcase name="Classroom is unavailable when new slot overlaps end of existing booking" classname="Classroom Availability Check" time="0.064">
    <system-out><![CDATA[
@availability @overlap
Scenario: Classroom is unavailable when new slot overlaps end of existing booking                 &amp#27;[90m# features/availability_check.feature:38&amp#27;[0m
2026-06-01T14:38:40.536+05:30  INFO 14008 --- [           main] c.c.bdd.steps.CommonStepDefinitions      : [BDD-SETUP] Resetting state before scenario
2026-06-01T14:38:40.549+05:30  INFO 14008 --- [           main] c.c.b.steps.AvailabilityStepDefinitions  : [BDD] Availability service health check passed
  &amp#27;[32mGiven &amp#27;[0m&amp#27;[32mthe availability service is running&amp#27;[0m                                                       &amp#27;[90m# com.classroom.bdd.steps.AvailabilityStepDefinitions.theAvailabilityServiceIsRunning()&amp#27;[0m
2026-06-01T14:38:40.554+05:30  INFO 14008 --- [           main] c.c.b.steps.AvailabilityStepDefinitions  : [BDD] Availability store cleared
  &amp#27;[32mAnd &amp#27;[0m&amp#27;[32mthe in-memory booking store is empty&amp#27;[0m                                                        &amp#27;[90m# com.classroom.bdd.steps.AvailabilityStepDefinitions.theInMemoryBookingStoreIsEmpty()&amp#27;[0m
2026-06-01T14:38:40.567+05:30  INFO 14008 --- [           main] c.c.b.steps.AvailabilityStepDefinitions  : [BDD] Seeded booking for CR-103 on 2026-06-03 [14:00-15:00]
  &amp#27;[32mGiven &amp#27;[0m&amp#27;[32ma booking already exists for classroom &amp#27;[0m&amp#27;[32m&amp#27;[1m"CR-103"&amp#27;[0m&amp#27;[32m on &amp#27;[0m&amp#27;[32m&amp#27;[1m"2026-06-03"&amp#27;[0m&amp#27;[32m from &amp#27;[0m&amp#27;[32m&amp#27;[1m"14:00"&amp#27;[0m&amp#27;[32m to &amp#27;[0m&amp#27;[32m&amp#27;[1m"15:00"&amp#27;[0m   &amp#27;[90m# com.classroom.bdd.steps.AvailabilityStepDefinitions.aBookingAlreadyExistsForClassroom(java.lang.String,java.lang.String,java.lang.String,java.lang.String)&amp#27;[0m
2026-06-01T14:38:40.583+05:30  INFO 14008 --- [           main] c.c.b.steps.AvailabilityStepDefinitions  : [BDD] Availability check result: status=UNAVAILABLE conflict=Time slot is already booked
  &amp#27;[32mWhen &amp#27;[0m&amp#27;[32mthe availability service checks classroom &amp#27;[0m&amp#27;[32m&amp#27;[1m"CR-103"&amp#27;[0m&amp#27;[32m on &amp#27;[0m&amp#27;[32m&amp#27;[1m"2026-06-03"&amp#27;[0m&amp#27;[32m from &amp#27;[0m&amp#27;[32m&amp#27;[1m"14:30"&amp#27;[0m&amp#27;[32m to &amp#27;[0m&amp#27;[32m&amp#27;[1m"15:30"&amp#27;[0m &amp#27;[90m# com.classroom.bdd.steps.AvailabilityStepDefinitions.availabilityServiceChecks(java.lang.String,java.lang.String,java.lang.String,java.lang.String)&amp#27;[0m
  &amp#27;[32mThen &amp#27;[0m&amp#27;[32mthe availability status should be &amp#27;[0m&amp#27;[32m&amp#27;[1m"UNAVAILABLE"&amp#27;[0m                                            &amp#27;[90m# com.classroom.bdd.steps.AvailabilityStepDefinitions.theAvailabilityStatusShouldBe(java.lang.String)&amp#27;[0m
]]></system-out>
  </testcase>
  <testcase name="Classroom is unavailable when new slot is contained within existing booking" classname="Classroom Availability Check" time="0.06">
    <system-out><![CDATA[
@availability @overlap
Scenario: Classroom is unavailable when new slot is contained within existing booking             &amp#27;[90m# features/availability_check.feature:44&amp#27;[0m
2026-06-01T14:38:40.597+05:30  INFO 14008 --- [           main] c.c.bdd.steps.CommonStepDefinitions      : [BDD-SETUP] Resetting state before scenario
2026-06-01T14:38:40.612+05:30  INFO 14008 --- [           main] c.c.b.steps.AvailabilityStepDefinitions  : [BDD] Availability service health check passed
  &amp#27;[32mGiven &amp#27;[0m&amp#27;[32mthe availability service is running&amp#27;[0m                                                       &amp#27;[90m# com.classroom.bdd.steps.AvailabilityStepDefinitions.theAvailabilityServiceIsRunning()&amp#27;[0m
2026-06-01T14:38:40.617+05:30  INFO 14008 --- [           main] c.c.b.steps.AvailabilityStepDefinitions  : [BDD] Availability store cleared
  &amp#27;[32mAnd &amp#27;[0m&amp#27;[32mthe in-memory booking store is empty&amp#27;[0m                                                        &amp#27;[90m# com.classroom.bdd.steps.AvailabilityStepDefinitions.theInMemoryBookingStoreIsEmpty()&amp#27;[0m
2026-06-01T14:38:40.630+05:30  INFO 14008 --- [           main] c.c.b.steps.AvailabilityStepDefinitions  : [BDD] Seeded booking for CR-101 on 2026-06-04 [08:00-12:00]
  &amp#27;[32mGiven &amp#27;[0m&amp#27;[32ma booking already exists for classroom &amp#27;[0m&amp#27;[32m&amp#27;[1m"CR-101"&amp#27;[0m&amp#27;[32m on &amp#27;[0m&amp#27;[32m&amp#27;[1m"2026-06-04"&amp#27;[0m&amp#27;[32m from &amp#27;[0m&amp#27;[32m&amp#27;[1m"08:00"&amp#27;[0m&amp#27;[32m to &amp#27;[0m&amp#27;[32m&amp#27;[1m"12:00"&amp#27;[0m   &amp#27;[90m# com.classroom.bdd.steps.AvailabilityStepDefinitions.aBookingAlreadyExistsForClassroom(java.lang.String,java.lang.String,java.lang.String,java.lang.String)&amp#27;[0m
2026-06-01T14:38:40.644+05:30  INFO 14008 --- [           main] c.c.b.steps.AvailabilityStepDefinitions  : [BDD] Availability check result: status=UNAVAILABLE conflict=Time slot is already booked
  &amp#27;[32mWhen &amp#27;[0m&amp#27;[32mthe availability service checks classroom &amp#27;[0m&amp#27;[32m&amp#27;[1m"CR-101"&amp#27;[0m&amp#27;[32m on &amp#27;[0m&amp#27;[32m&amp#27;[1m"2026-06-04"&amp#27;[0m&amp#27;[32m from &amp#27;[0m&amp#27;[32m&amp#27;[1m"09:00"&amp#27;[0m&amp#27;[32m to &amp#27;[0m&amp#27;[32m&amp#27;[1m"10:00"&amp#27;[0m &amp#27;[90m# com.classroom.bdd.steps.AvailabilityStepDefinitions.availabilityServiceChecks(java.lang.String,java.lang.String,java.lang.String,java.lang.String)&amp#27;[0m
  &amp#27;[32mThen &amp#27;[0m&amp#27;[32mthe availability status should be &amp#27;[0m&amp#27;[32m&amp#27;[1m"UNAVAILABLE"&amp#27;[0m                                            &amp#27;[90m# com.classroom.bdd.steps.AvailabilityStepDefinitions.theAvailabilityStatusShouldBe(java.lang.String)&amp#27;[0m
]]></system-out>
  </testcase>
  <testcase name="Classroom is unavailable when new slot completely wraps an existing booking" classname="Classroom Availability Check" time="0.063">
    <system-out><![CDATA[
@availability @overlap
Scenario: Classroom is unavailable when new slot completely wraps an existing booking             &amp#27;[90m# features/availability_check.feature:50&amp#27;[0m
2026-06-01T14:38:40.658+05:30  INFO 14008 --- [           main] c.c.bdd.steps.CommonStepDefinitions      : [BDD-SETUP] Resetting state before scenario
2026-06-01T14:38:40.673+05:30  INFO 14008 --- [           main] c.c.b.steps.AvailabilityStepDefinitions  : [BDD] Availability service health check passed
  &amp#27;[32mGiven &amp#27;[0m&amp#27;[32mthe availability service is running&amp#27;[0m                                                       &amp#27;[90m# com.classroom.bdd.steps.AvailabilityStepDefinitions.theAvailabilityServiceIsRunning()&amp#27;[0m
2026-06-01T14:38:40.678+05:30  INFO 14008 --- [           main] c.c.b.steps.AvailabilityStepDefinitions  : [BDD] Availability store cleared
  &amp#27;[32mAnd &amp#27;[0m&amp#27;[32mthe in-memory booking store is empty&amp#27;[0m                                                        &amp#27;[90m# com.classroom.bdd.steps.AvailabilityStepDefinitions.theInMemoryBookingStoreIsEmpty()&amp#27;[0m
2026-06-01T14:38:40.691+05:30  INFO 14008 --- [           main] c.c.b.steps.AvailabilityStepDefinitions  : [BDD] Seeded booking for CR-102 on 2026-06-05 [10:00-11:00]
  &amp#27;[32mGiven &amp#27;[0m&amp#27;[32ma booking already exists for classroom &amp#27;[0m&amp#27;[32m&amp#27;[1m"CR-102"&amp#27;[0m&amp#27;[32m on &amp#27;[0m&amp#27;[32m&amp#27;[1m"2026-06-05"&amp#27;[0m&amp#27;[32m from &amp#27;[0m&amp#27;[32m&amp#27;[1m"10:00"&amp#27;[0m&amp#27;[32m to &amp#27;[0m&amp#27;[32m&amp#27;[1m"11:00"&amp#27;[0m   &amp#27;[90m# com.classroom.bdd.steps.AvailabilityStepDefinitions.aBookingAlreadyExistsForClassroom(java.lang.String,java.lang.String,java.lang.String,java.lang.String)&amp#27;[0m
2026-06-01T14:38:40.707+05:30  INFO 14008 --- [           main] c.c.b.steps.AvailabilityStepDefinitions  : [BDD] Availability check result: status=UNAVAILABLE conflict=Time slot is already booked
  &amp#27;[32mWhen &amp#27;[0m&amp#27;[32mthe availability service checks classroom &amp#27;[0m&amp#27;[32m&amp#27;[1m"CR-102"&amp#27;[0m&amp#27;[32m on &amp#27;[0m&amp#27;[32m&amp#27;[1m"2026-06-05"&amp#27;[0m&amp#27;[32m from &amp#27;[0m&amp#27;[32m&amp#27;[1m"09:00"&amp#27;[0m&amp#27;[32m to &amp#27;[0m&amp#27;[32m&amp#27;[1m"12:00"&amp#27;[0m &amp#27;[90m# com.classroom.bdd.steps.AvailabilityStepDefinitions.availabilityServiceChecks(java.lang.String,java.lang.String,java.lang.String,java.lang.String)&amp#27;[0m
  &amp#27;[32mThen &amp#27;[0m&amp#27;[32mthe availability status should be &amp#27;[0m&amp#27;[32m&amp#27;[1m"UNAVAILABLE"&amp#27;[0m                                            &amp#27;[90m# com.classroom.bdd.steps.AvailabilityStepDefinitions.theAvailabilityStatusShouldBe(java.lang.String)&amp#27;[0m
]]></system-out>
  </testcase>
  <testcase name="Classroom is available when new slot starts exactly at end of existing booking" classname="Classroom Availability Check" time="0.061">
    <system-out><![CDATA[
@availability @boundary
Scenario: Classroom is available when new slot starts exactly at end of existing booking          &amp#27;[90m# features/availability_check.feature:60&amp#27;[0m
2026-06-01T14:38:40.723+05:30  INFO 14008 --- [           main] c.c.bdd.steps.CommonStepDefinitions      : [BDD-SETUP] Resetting state before scenario
2026-06-01T14:38:40.739+05:30  INFO 14008 --- [           main] c.c.b.steps.AvailabilityStepDefinitions  : [BDD] Availability service health check passed
  &amp#27;[32mGiven &amp#27;[0m&amp#27;[32mthe availability service is running&amp#27;[0m                                                       &amp#27;[90m# com.classroom.bdd.steps.AvailabilityStepDefinitions.theAvailabilityServiceIsRunning()&amp#27;[0m
2026-06-01T14:38:40.745+05:30  INFO 14008 --- [           main] c.c.b.steps.AvailabilityStepDefinitions  : [BDD] Availability store cleared
  &amp#27;[32mAnd &amp#27;[0m&amp#27;[32mthe in-memory booking store is empty&amp#27;[0m                                                        &amp#27;[90m# com.classroom.bdd.steps.AvailabilityStepDefinitions.theInMemoryBookingStoreIsEmpty()&amp#27;[0m
2026-06-01T14:38:40.752+05:30  INFO 14008 --- [           main] c.c.b.steps.AvailabilityStepDefinitions  : [BDD] Seeded booking for CR-101 on 2026-06-06 [09:00-10:00]
  &amp#27;[32mGiven &amp#27;[0m&amp#27;[32ma booking already exists for classroom &amp#27;[0m&amp#27;[32m&amp#27;[1m"CR-101"&amp#27;[0m&amp#27;[32m on &amp#27;[0m&amp#27;[32m&amp#27;[1m"2026-06-06"&amp#27;[0m&amp#27;[32m from &amp#27;[0m&amp#27;[32m&amp#27;[1m"09:00"&amp#27;[0m&amp#27;[32m to &amp#27;[0m&amp#27;[32m&amp#27;[1m"10:00"&amp#27;[0m   &amp#27;[90m# com.classroom.bdd.steps.AvailabilityStepDefinitions.aBookingAlreadyExistsForClassroom(java.lang.String,java.lang.String,java.lang.String,java.lang.String)&amp#27;[0m
2026-06-01T14:38:40.768+05:30  INFO 14008 --- [           main] c.c.b.steps.AvailabilityStepDefinitions  : [BDD] Availability check result: status=AVAILABLE conflict=null
  &amp#27;[32mWhen &amp#27;[0m&amp#27;[32mthe availability service checks classroom &amp#27;[0m&amp#27;[32m&amp#27;[1m"CR-101"&amp#27;[0m&amp#27;[32m on &amp#27;[0m&amp#27;[32m&amp#27;[1m"2026-06-06"&amp#27;[0m&amp#27;[32m from &amp#27;[0m&amp#27;[32m&amp#27;[1m"10:00"&amp#27;[0m&amp#27;[32m to &amp#27;[0m&amp#27;[32m&amp#27;[1m"11:00"&amp#27;[0m &amp#27;[90m# com.classroom.bdd.steps.AvailabilityStepDefinitions.availabilityServiceChecks(java.lang.String,java.lang.String,java.lang.String,java.lang.String)&amp#27;[0m
  &amp#27;[32mThen &amp#27;[0m&amp#27;[32mthe availability status should be &amp#27;[0m&amp#27;[32m&amp#27;[1m"AVAILABLE"&amp#27;[0m                                              &amp#27;[90m# com.classroom.bdd.steps.AvailabilityStepDefinitions.theAvailabilityStatusShouldBe(java.lang.String)&amp#27;[0m
]]></system-out>
  </testcase>
  <testcase name="Classroom is available when new slot ends exactly at start of existing booking" classname="Classroom Availability Check" time="0.058">
    <system-out><![CDATA[
@availability @boundary
Scenario: Classroom is available when new slot ends exactly at start of existing booking          &amp#27;[90m# features/availability_check.feature:66&amp#27;[0m
2026-06-01T14:38:40.784+05:30  INFO 14008 --- [           main] c.c.bdd.steps.CommonStepDefinitions      : [BDD-SETUP] Resetting state before scenario
2026-06-01T14:38:40.799+05:30  INFO 14008 --- [           main] c.c.b.steps.AvailabilityStepDefinitions  : [BDD] Availability service health check passed
  &amp#27;[32mGiven &amp#27;[0m&amp#27;[32mthe availability service is running&amp#27;[0m                                                       &amp#27;[90m# com.classroom.bdd.steps.AvailabilityStepDefinitions.theAvailabilityServiceIsRunning()&amp#27;[0m
2026-06-01T14:38:40.805+05:30  INFO 14008 --- [           main] c.c.b.steps.AvailabilityStepDefinitions  : [BDD] Availability store cleared
  &amp#27;[32mAnd &amp#27;[0m&amp#27;[32mthe in-memory booking store is empty&amp#27;[0m                                                        &amp#27;[90m# com.classroom.bdd.steps.AvailabilityStepDefinitions.theInMemoryBookingStoreIsEmpty()&amp#27;[0m
2026-06-01T14:38:40.815+05:30  INFO 14008 --- [           main] c.c.b.steps.AvailabilityStepDefinitions  : [BDD] Seeded booking for CR-101 on 2026-06-07 [11:00-12:00]
  &amp#27;[32mGiven &amp#27;[0m&amp#27;[32ma booking already exists for classroom &amp#27;[0m&amp#27;[32m&amp#27;[1m"CR-101"&amp#27;[0m&amp#27;[32m on &amp#27;[0m&amp#27;[32m&amp#27;[1m"2026-06-07"&amp#27;[0m&amp#27;[32m from &amp#27;[0m&amp#27;[32m&amp#27;[1m"11:00"&amp#27;[0m&amp#27;[32m to &amp#27;[0m&amp#27;[32m&amp#27;[1m"12:00"&amp#27;[0m   &amp#27;[90m# com.classroom.bdd.steps.AvailabilityStepDefinitions.aBookingAlreadyExistsForClassroom(java.lang.String,java.lang.String,java.lang.String,java.lang.String)&amp#27;[0m
2026-06-01T14:38:40.830+05:30  INFO 14008 --- [           main] c.c.b.steps.AvailabilityStepDefinitions  : [BDD] Availability check result: status=AVAILABLE conflict=null
  &amp#27;[32mWhen &amp#27;[0m&amp#27;[32mthe availability service checks classroom &amp#27;[0m&amp#27;[32m&amp#27;[1m"CR-101"&amp#27;[0m&amp#27;[32m on &amp#27;[0m&amp#27;[32m&amp#27;[1m"2026-06-07"&amp#27;[0m&amp#27;[32m from &amp#27;[0m&amp#27;[32m&amp#27;[1m"10:00"&amp#27;[0m&amp#27;[32m to &amp#27;[0m&amp#27;[32m&amp#27;[1m"11:00"&amp#27;[0m &amp#27;[90m# com.classroom.bdd.steps.AvailabilityStepDefinitions.availabilityServiceChecks(java.lang.String,java.lang.String,java.lang.String,java.lang.String)&amp#27;[0m
  &amp#27;[32mThen &amp#27;[0m&amp#27;[32mthe availability status should be &amp#27;[0m&amp#27;[32m&amp#27;[1m"AVAILABLE"&amp#27;[0m                                              &amp#27;[90m# com.classroom.bdd.steps.AvailabilityStepDefinitions.theAvailabilityStatusShouldBe(java.lang.String)&amp#27;[0m
]]></system-out>
  </testcase>
  <testcase name="Classroom is available in a free gap between two existing bookings" classname="Classroom Availability Check" time="0.077">
    <system-out><![CDATA[
@availability @multi-booking
Scenario: Classroom is available in a free gap between two existing bookings                      &amp#27;[90m# features/availability_check.feature:76&amp#27;[0m
2026-06-01T14:38:40.843+05:30  INFO 14008 --- [           main] c.c.bdd.steps.CommonStepDefinitions      : [BDD-SETUP] Resetting state before scenario
2026-06-01T14:38:40.857+05:30  INFO 14008 --- [           main] c.c.b.steps.AvailabilityStepDefinitions  : [BDD] Availability service health check passed
  &amp#27;[32mGiven &amp#27;[0m&amp#27;[32mthe availability service is running&amp#27;[0m                                                       &amp#27;[90m# com.classroom.bdd.steps.AvailabilityStepDefinitions.theAvailabilityServiceIsRunning()&amp#27;[0m
2026-06-01T14:38:40.861+05:30  INFO 14008 --- [           main] c.c.b.steps.AvailabilityStepDefinitions  : [BDD] Availability store cleared
  &amp#27;[32mAnd &amp#27;[0m&amp#27;[32mthe in-memory booking store is empty&amp#27;[0m                                                        &amp#27;[90m# com.classroom.bdd.steps.AvailabilityStepDefinitions.theInMemoryBookingStoreIsEmpty()&amp#27;[0m
2026-06-01T14:38:40.893+05:30  INFO 14008 --- [           main] c.c.b.steps.AvailabilityStepDefinitions  : [BDD] Seeded 2 booking(s) for classroom CR-103
  &amp#27;[32mGiven &amp#27;[0m&amp#27;[32mthe following bookings exist for classroom &amp#27;[0m&amp#27;[32m&amp#27;[1m"CR-103"&amp#27;[0m&amp#27;[32m:&amp#27;[0m                                      &amp#27;[90m# com.classroom.bdd.steps.AvailabilityStepDefinitions.theFollowingBookingsExistForClassroom(java.lang.String,io.cucumber.datatable.DataTable)&amp#27;[0m
    | date       | startTime | endTime |
    | 2026-06-08 | 08:00     | 09:00   |
    | 2026-06-08 | 11:00     | 12:00   |
2026-06-01T14:38:40.908+05:30  INFO 14008 --- [           main] c.c.b.steps.AvailabilityStepDefinitions  : [BDD] Availability check result: status=AVAILABLE conflict=null
  &amp#27;[32mWhen &amp#27;[0m&amp#27;[32mthe availability service checks classroom &amp#27;[0m&amp#27;[32m&amp#27;[1m"CR-103"&amp#27;[0m&amp#27;[32m on &amp#27;[0m&amp#27;[32m&amp#27;[1m"2026-06-08"&amp#27;[0m&amp#27;[32m from &amp#27;[0m&amp#27;[32m&amp#27;[1m"09:00"&amp#27;[0m&amp#27;[32m to &amp#27;[0m&amp#27;[32m&amp#27;[1m"11:00"&amp#27;[0m &amp#27;[90m# com.classroom.bdd.steps.AvailabilityStepDefinitions.availabilityServiceChecks(java.lang.String,java.lang.String,java.lang.String,java.lang.String)&amp#27;[0m
  &amp#27;[32mThen &amp#27;[0m&amp#27;[32mthe availability status should be &amp#27;[0m&amp#27;[32m&amp#27;[1m"AVAILABLE"&amp#27;[0m                                              &amp#27;[90m# com.classroom.bdd.steps.AvailabilityStepDefinitions.theAvailabilityStatusShouldBe(java.lang.String)&amp#27;[0m
]]></system-out>
  </testcase>
  <testcase name="Classroom is unavailable when slot conflicts with one of many existing bookings" classname="Classroom Availability Check" time="0.095">
    <system-out><![CDATA[
@availability @multi-booking
Scenario: Classroom is unavailable when slot conflicts with one of many existing bookings         &amp#27;[90m# features/availability_check.feature:85&amp#27;[0m
2026-06-01T14:38:40.919+05:30  INFO 14008 --- [           main] c.c.bdd.steps.CommonStepDefinitions      : [BDD-SETUP] Resetting state before scenario
2026-06-01T14:38:40.935+05:30  INFO 14008 --- [           main] c.c.b.steps.AvailabilityStepDefinitions  : [BDD] Availability service health check passed
  &amp#27;[32mGiven &amp#27;[0m&amp#27;[32mthe availability service is running&amp#27;[0m                                                       &amp#27;[90m# com.classroom.bdd.steps.AvailabilityStepDefinitions.theAvailabilityServiceIsRunning()&amp#27;[0m
2026-06-01T14:38:40.940+05:30  INFO 14008 --- [           main] c.c.b.steps.AvailabilityStepDefinitions  : [BDD] Availability store cleared
  &amp#27;[32mAnd &amp#27;[0m&amp#27;[32mthe in-memory booking store is empty&amp#27;[0m                                                        &amp#27;[90m# com.classroom.bdd.steps.AvailabilityStepDefinitions.theInMemoryBookingStoreIsEmpty()&amp#27;[0m
2026-06-01T14:38:40.986+05:30  INFO 14008 --- [           main] c.c.b.steps.AvailabilityStepDefinitions  : [BDD] Seeded 3 booking(s) for classroom CR-103
  &amp#27;[32mGiven &amp#27;[0m&amp#27;[32mthe following bookings exist for classroom &amp#27;[0m&amp#27;[32m&amp#27;[1m"CR-103"&amp#27;[0m&amp#27;[32m:&amp#27;[0m                                      &amp#27;[90m# com.classroom.bdd.steps.AvailabilityStepDefinitions.theFollowingBookingsExistForClassroom(java.lang.String,io.cucumber.datatable.DataTable)&amp#27;[0m
    | date       | startTime | endTime |
    | 2026-06-09 | 08:00     | 09:00   |
    | 2026-06-09 | 10:00     | 11:00   |
    | 2026-06-09 | 13:00     | 14:00   |
2026-06-01T14:38:41.000+05:30  INFO 14008 --- [           main] c.c.b.steps.AvailabilityStepDefinitions  : [BDD] Availability check result: status=UNAVAILABLE conflict=Time slot is already booked
  &amp#27;[32mWhen &amp#27;[0m&amp#27;[32mthe availability service checks classroom &amp#27;[0m&amp#27;[32m&amp#27;[1m"CR-103"&amp#27;[0m&amp#27;[32m on &amp#27;[0m&amp#27;[32m&amp#27;[1m"2026-06-09"&amp#27;[0m&amp#27;[32m from &amp#27;[0m&amp#27;[32m&amp#27;[1m"10:30"&amp#27;[0m&amp#27;[32m to &amp#27;[0m&amp#27;[32m&amp#27;[1m"11:30"&amp#27;[0m &amp#27;[90m# com.classroom.bdd.steps.AvailabilityStepDefinitions.availabilityServiceChecks(java.lang.String,java.lang.String,java.lang.String,java.lang.String)&amp#27;[0m
  &amp#27;[32mThen &amp#27;[0m&amp#27;[32mthe availability status should be &amp#27;[0m&amp#27;[32m&amp#27;[1m"UNAVAILABLE"&amp#27;[0m                                            &amp#27;[90m# com.classroom.bdd.steps.AvailabilityStepDefinitions.theAvailabilityStatusShouldBe(java.lang.String)&amp#27;[0m
]]></system-out>
  </testcase>
  <testcase name="Booking on a different date does not affect availability on another date" classname="Classroom Availability Check" time="0.059">
    <system-out><![CDATA[
@availability @isolation
Scenario: Booking on a different date does not affect availability on another date                &amp#27;[90m# features/availability_check.feature:99&amp#27;[0m
2026-06-01T14:38:41.013+05:30  INFO 14008 --- [           main] c.c.bdd.steps.CommonStepDefinitions      : [BDD-SETUP] Resetting state before scenario
2026-06-01T14:38:41.026+05:30  INFO 14008 --- [           main] c.c.b.steps.AvailabilityStepDefinitions  : [BDD] Availability service health check passed
  &amp#27;[32mGiven &amp#27;[0m&amp#27;[32mthe availability service is running&amp#27;[0m                                                       &amp#27;[90m# com.classroom.bdd.steps.AvailabilityStepDefinitions.theAvailabilityServiceIsRunning()&amp#27;[0m
2026-06-01T14:38:41.031+05:30  INFO 14008 --- [           main] c.c.b.steps.AvailabilityStepDefinitions  : [BDD] Availability store cleared
  &amp#27;[32mAnd &amp#27;[0m&amp#27;[32mthe in-memory booking store is empty&amp#27;[0m                                                        &amp#27;[90m# com.classroom.bdd.steps.AvailabilityStepDefinitions.theInMemoryBookingStoreIsEmpty()&amp#27;[0m
2026-06-01T14:38:41.046+05:30  INFO 14008 --- [           main] c.c.b.steps.AvailabilityStepDefinitions  : [BDD] Seeded booking for CR-101 on 2026-06-10 [09:00-10:00]
  &amp#27;[32mGiven &amp#27;[0m&amp#27;[32ma booking already exists for classroom &amp#27;[0m&amp#27;[32m&amp#27;[1m"CR-101"&amp#27;[0m&amp#27;[32m on &amp#27;[0m&amp#27;[32m&amp#27;[1m"2026-06-10"&amp#27;[0m&amp#27;[32m from &amp#27;[0m&amp#27;[32m&amp#27;[1m"09:00"&amp#27;[0m&amp#27;[32m to &amp#27;[0m&amp#27;[32m&amp#27;[1m"10:00"&amp#27;[0m   &amp#27;[90m# com.classroom.bdd.steps.AvailabilityStepDefinitions.aBookingAlreadyExistsForClassroom(java.lang.String,java.lang.String,java.lang.String,java.lang.String)&amp#27;[0m
2026-06-01T14:38:41.061+05:30  INFO 14008 --- [           main] c.c.b.steps.AvailabilityStepDefinitions  : [BDD] Availability check result: status=AVAILABLE conflict=null
  &amp#27;[32mWhen &amp#27;[0m&amp#27;[32mthe availability service checks classroom &amp#27;[0m&amp#27;[32m&amp#27;[1m"CR-101"&amp#27;[0m&amp#27;[32m on &amp#27;[0m&amp#27;[32m&amp#27;[1m"2026-06-11"&amp#27;[0m&amp#27;[32m from &amp#27;[0m&amp#27;[32m&amp#27;[1m"09:00"&amp#27;[0m&amp#27;[32m to &amp#27;[0m&amp#27;[32m&amp#27;[1m"10:00"&amp#27;[0m &amp#27;[90m# com.classroom.bdd.steps.AvailabilityStepDefinitions.availabilityServiceChecks(java.lang.String,java.lang.String,java.lang.String,java.lang.String)&amp#27;[0m
  &amp#27;[32mThen &amp#27;[0m&amp#27;[32mthe availability status should be &amp#27;[0m&amp#27;[32m&amp#27;[1m"AVAILABLE"&amp#27;[0m                                              &amp#27;[90m# com.classroom.bdd.steps.AvailabilityStepDefinitions.theAvailabilityStatusShouldBe(java.lang.String)&amp#27;[0m
]]></system-out>
  </testcase>
  <testcase name="Batch of 3 valid bookings returns array of 3 acceptances" classname="Batch Booking - Split and Aggregate Pattern" time="0.105">
    <system-out><![CDATA[
@batch @camel @split-aggregate @smoke @batch-valid
Scenario: Batch of 3 valid bookings returns array of 3 acceptances     &amp#27;[90m# features/batch_booking.feature:16&amp#27;[0m
2026-06-01T14:38:41.075+05:30  INFO 14008 --- [           main] c.c.bdd.steps.CommonStepDefinitions      : [BDD-SETUP] Resetting state before scenario
2026-06-01T14:38:41.089+05:30  INFO 14008 --- [           main] c.c.bdd.steps.ApiGatewayStepDefinitions  : [BDD] API Gateway is UP on port 8080
  &amp#27;[32mGiven &amp#27;[0m&amp#27;[32mthe API gateway is running on port &amp#27;[0m&amp#27;[32m&amp#27;[1m"8080"&amp#27;[0m                      &amp#27;[90m# com.classroom.bdd.steps.ApiGatewayStepDefinitions.theApiGatewayIsRunningOnPort(java.lang.String)&amp#27;[0m
2026-06-01T14:38:41.094+05:30  INFO 14008 --- [           main] c.c.bdd.steps.ApiGatewayStepDefinitions  : [BDD] Gateway endpoint 'POST /bookings/batch' is available (health OK)
  &amp#27;[32mAnd &amp#27;[0m&amp#27;[32mthe endpoint &amp#27;[0m&amp#27;[32m&amp#27;[1m"POST /bookings/batch"&amp#27;[0m&amp#27;[32m is available&amp#27;[0m                 &amp#27;[90m# com.classroom.bdd.steps.ApiGatewayStepDefinitions.theEndpointIsAvailable(java.lang.String)&amp#27;[0m
2026-06-01T14:38:41.150+05:30  INFO 14008 --- [           main] c.c.bdd.steps.ApiGatewayStepDefinitions  : [BDD] POST http://localhost:8080/bookings/batch [application/json] ? HTTP 200
  &amp#27;[32mWhen &amp#27;[0m&amp#27;[32mI send a POST request to &amp#27;[0m&amp#27;[32m&amp#27;[1m"/bookings/batch"&amp#27;[0m&amp#27;[32m with body:&amp#27;[0m           &amp#27;[90m# com.classroom.bdd.steps.ApiGatewayStepDefinitions.iSendAPostRequestWithBody(java.lang.String,java.lang.String)&amp#27;[0m
  &amp#27;[32mThen &amp#27;[0m&amp#27;[32mthe HTTP response status should be &amp#27;[0m&amp#27;[32m&amp#27;[1m"200"&amp#27;[0m                        &amp#27;[90m# com.classroom.bdd.steps.ApiGatewayStepDefinitions.theHttpResponseStatusShouldBe(java.lang.String)&amp#27;[0m
2026-06-01T14:38:41.153+05:30  INFO 14008 --- [           main] c.c.b.steps.BatchBookingStepDefinitions  : [BDD] Response is JSON array of size 3
  &amp#27;[32mAnd &amp#27;[0m&amp#27;[32mthe response body should be a JSON array of size &amp#27;[0m&amp#27;[32m&amp#27;[1m3&amp#27;[0m               &amp#27;[90m# com.classroom.bdd.steps.BatchBookingStepDefinitions.theResponseBodyShouldBeAJsonArrayOfSize(int)&amp#27;[0m
2026-06-01T14:38:41.158+05:30  INFO 14008 --- [           main] c.c.b.steps.BatchBookingStepDefinitions  : [BDD] All 3 items in batch response contain field 'bookingId'
  &amp#27;[32mAnd &amp#27;[0m&amp#27;[32meach item in the batch response should contain field &amp#27;[0m&amp#27;[32m&amp#27;[1m"bookingId"&amp#27;[0m &amp#27;[90m# com.classroom.bdd.steps.BatchBookingStepDefinitions.eachItemInTheBatchResponseShouldContainField(java.lang.String)&amp#27;[0m
]]></system-out>
  </testcase>
  <testcase name="Batch with one invalid booking returns mixed results" classname="Batch Booking - Split and Aggregate Pattern" time="0.241">
    <system-out><![CDATA[
@batch @camel @split-aggregate @batch-mixed
Scenario: Batch with one invalid booking returns mixed results  &amp#27;[90m# features/batch_booking.feature:45&amp#27;[0m
2026-06-01T14:38:41.177+05:30  INFO 14008 --- [           main] c.c.bdd.steps.CommonStepDefinitions      : [BDD-SETUP] Resetting state before scenario
2026-06-01T14:38:41.196+05:30  INFO 14008 --- [           main] c.c.bdd.steps.ApiGatewayStepDefinitions  : [BDD] API Gateway is UP on port 8080
  &amp#27;[32mGiven &amp#27;[0m&amp#27;[32mthe API gateway is running on port &amp#27;[0m&amp#27;[32m&amp#27;[1m"8080"&amp#27;[0m               &amp#27;[90m# com.classroom.bdd.steps.ApiGatewayStepDefinitions.theApiGatewayIsRunningOnPort(java.lang.String)&amp#27;[0m
2026-06-01T14:38:41.202+05:30  INFO 14008 --- [           main] c.c.bdd.steps.ApiGatewayStepDefinitions  : [BDD] Gateway endpoint 'POST /bookings/batch' is available (health OK)
  &amp#27;[32mAnd &amp#27;[0m&amp#27;[32mthe endpoint &amp#27;[0m&amp#27;[32m&amp#27;[1m"POST /bookings/batch"&amp#27;[0m&amp#27;[32m is available&amp#27;[0m          &amp#27;[90m# com.classroom.bdd.steps.ApiGatewayStepDefinitions.theEndpointIsAvailable(java.lang.String)&amp#27;[0m
2026-06-01T14:38:41.232+05:30  INFO 14008 --- [           main] c.c.bdd.steps.ApiGatewayStepDefinitions  : [BDD] POST http://localhost:8080/bookings/batch [application/json] ? HTTP 200
  &amp#27;[32mWhen &amp#27;[0m&amp#27;[32mI send a POST request to &amp#27;[0m&amp#27;[32m&amp#27;[1m"/bookings/batch"&amp#27;[0m&amp#27;[32m with body:&amp#27;[0m    &amp#27;[90m# com.classroom.bdd.steps.ApiGatewayStepDefinitions.iSendAPostRequestWithBody(java.lang.String,java.lang.String)&amp#27;[0m
  &amp#27;[32mThen &amp#27;[0m&amp#27;[32mthe HTTP response status should be &amp#27;[0m&amp#27;[32m&amp#27;[1m"200"&amp#27;[0m                 &amp#27;[90m# com.classroom.bdd.steps.ApiGatewayStepDefinitions.theHttpResponseStatusShouldBe(java.lang.String)&amp#27;[0m
2026-06-01T14:38:41.235+05:30  INFO 14008 --- [           main] c.c.b.steps.BatchBookingStepDefinitions  : [BDD] Response is JSON array of size 2
  &amp#27;[32mAnd &amp#27;[0m&amp#27;[32mthe response body should be a JSON array of size &amp#27;[0m&amp#27;[32m&amp#27;[1m2&amp#27;[0m        &amp#27;[90m# com.classroom.bdd.steps.BatchBookingStepDefinitions.theResponseBodyShouldBeAJsonArrayOfSize(int)&amp#27;[0m
2026-06-01T14:38:41.236+05:30  INFO 14008 --- [           main] c.c.b.steps.BatchBookingStepDefinitions  : [BDD] Batch response contains at least one error item
  &amp#27;[32mAnd &amp#27;[0m&amp#27;[32mthe batch response should contain at least one error item&amp#27;[0m &amp#27;[90m# com.classroom.bdd.steps.BatchBookingStepDefinitions.theBatchResponseShouldContainAtLeastOneErrorItem()&amp#27;[0m
]]></system-out>
  </testcase>
  <testcase name="Batch with single item works like single booking" classname="Batch Booking - Split and Aggregate Pattern" time="0.068">
    <system-out><![CDATA[
@batch @camel @split-aggregate @batch-single
Scenario: Batch with single item works like single booking             &amp#27;[90m# features/batch_booking.feature:68&amp#27;[0m
2026-06-01T14:38:41.422+05:30  INFO 14008 --- [           main] c.c.bdd.steps.CommonStepDefinitions      : [BDD-SETUP] Resetting state before scenario
2026-06-01T14:38:41.440+05:30  INFO 14008 --- [           main] c.c.bdd.steps.ApiGatewayStepDefinitions  : [BDD] API Gateway is UP on port 8080
  &amp#27;[32mGiven &amp#27;[0m&amp#27;[32mthe API gateway is running on port &amp#27;[0m&amp#27;[32m&amp#27;[1m"8080"&amp#27;[0m                      &amp#27;[90m# com.classroom.bdd.steps.ApiGatewayStepDefinitions.theApiGatewayIsRunningOnPort(java.lang.String)&amp#27;[0m
[...]
2026-06-01T14:40:10.301+05:30  INFO 14008 --- [           main] c.c.b.steps.NotificationStepDefinitions  : [BDD] Notification message contains 'Your booking BK-0001 for CR-101 on 2026-06-01 (09:00 - 10:00) is CONFIRMED'
  &amp#27;[32mAnd &amp#27;[0m&amp#27;[32mthe notification message should contain &amp#27;[0m&amp#27;[32m&amp#27;[1m"Your booking BK-0001 for CR-101 on 2026-06-01 (09:00 - 10:00) is CONFIRMED"&amp#27;[0m &amp#27;[90m# com.classroom.bdd.steps.NotificationStepDefinitions.theNotificationMessageShouldContain(java.lang.String)&amp#27;[0m
]]></system-out>
  </testcase>
  <testcase name="Confirmation notification contains correct classroom and time details" classname="Booking Notification" time="3.1">
    <system-out><![CDATA[
@notification @confirmation
Scenario: Confirmation notification contains correct classroom and time details &amp#27;[90m# features/notification.feature:30&amp#27;[0m
2026-06-01T14:40:10.315+05:30  INFO 14008 --- [           main] c.c.bdd.steps.CommonStepDefinitions      : [BDD-SETUP] Resetting state before scenario
2026-06-01T14:40:10.328+05:30  INFO 14008 --- [           main] c.c.b.steps.NotificationStepDefinitions  : [BDD] Notification service health check passed
  &amp#27;[32mGiven &amp#27;[0m&amp#27;[32mthe notification service is running&amp#27;[0m                                     &amp#27;[90m# com.classroom.bdd.steps.NotificationStepDefinitions.theNotificationServiceIsRunning()&amp#27;[0m
2026-06-01T14:40:10.332+05:30  INFO 14008 --- [           main] c.c.b.steps.NotificationStepDefinitions  : [BDD] Notification log cleared
  &amp#27;[32mAnd &amp#27;[0m&amp#27;[32mthe notification log is empty&amp#27;[0m                                             &amp#27;[90m# com.classroom.bdd.steps.NotificationStepDefinitions.theNotificationLogIsEmpty()&amp#27;[0m
2026-06-01T14:40:10.333+05:30  INFO 14008 --- [           main] c.c.b.steps.NotificationStepDefinitions  : [BDD] Published booking.confirmed event for bookingId=BK-0002
  &amp#27;[32mGiven &amp#27;[0m&amp#27;[32ma &amp#27;[0m&amp#27;[32m&amp#27;[1m"booking.confirmed"&amp#27;[0m&amp#27;[32m event is published with:&amp#27;[0m                          &amp#27;[90m# com.classroom.bdd.steps.NotificationStepDefinitions.aBookingEventIsPublishedWith(java.lang.String,io.cucumber.datatable.DataTable)&amp#27;[0m
    | field       | value           |
    | bookingId   | BK-0002         |
    | classroomId | CR-103          |
    | date        | 2026-07-15      |
    | startTime   | 14:00           |
    | endTime     | 16:00           |
    | requestedBy | bob@example.com |
2026-06-01T14:40:10.849+05:30  INFO 14008 --- [           main] c.c.b.steps.NotificationStepDefinitions  : [BDD] Notification service processed event
  &amp#27;[32mWhen &amp#27;[0m&amp#27;[32mthe notification service processes the event&amp#27;[0m                             &amp#27;[90m# com.classroom.bdd.steps.NotificationStepDefinitions.theNotificationServiceProcessesTheEvent()&amp#27;[0m
2026-06-01T14:40:11.856+05:30  INFO 14008 --- [           main] c.c.bdd.steps.CommonStepDefinitions      : [BDD] CONFIRMATION notification verified for bob@example.com
  &amp#27;[32mThen &amp#27;[0m&amp#27;[32ma confirmation notification should be logged for &amp#27;[0m&amp#27;[32m&amp#27;[1m"bob@example.com"&amp#27;[0m       &amp#27;[90m# com.classroom.bdd.steps.CommonStepDefinitions.confirmationNotificationLoggedFor(java.lang.String)&amp#27;[0m
2026-06-01T14:40:12.371+05:30  INFO 14008 --- [           main] c.c.b.steps.NotificationStepDefinitions  : [BDD] Notification message contains 'CR-103'
  &amp#27;[32mAnd &amp#27;[0m&amp#27;[32mthe notification message should contain &amp#27;[0m&amp#27;[32m&amp#27;[1m"CR-103"&amp#27;[0m                          &amp#27;[90m# com.classroom.bdd.steps.NotificationStepDefinitions.theNotificationMessageShouldContain(java.lang.String)&amp#27;[0m
2026-06-01T14:40:12.883+05:30  INFO 14008 --- [           main] c.c.b.steps.NotificationStepDefinitions  : [BDD] Notification message contains '14:00 - 16:00'
  &amp#27;[32mAnd &amp#27;[0m&amp#27;[32mthe notification message should contain &amp#27;[0m&amp#27;[32m&amp#27;[1m"14:00 - 16:00"&amp#27;[0m                   &amp#27;[90m# com.classroom.bdd.steps.NotificationStepDefinitions.theNotificationMessageShouldContain(java.lang.String)&amp#27;[0m
2026-06-01T14:40:13.401+05:30  INFO 14008 --- [           main] c.c.b.steps.NotificationStepDefinitions  : [BDD] Notification message contains '2026-07-15'
  &amp#27;[32mAnd &amp#27;[0m&amp#27;[32mthe notification message should contain &amp#27;[0m&amp#27;[32m&amp#27;[1m"2026-07-15"&amp#27;[0m                      &amp#27;[90m# com.classroom.bdd.steps.NotificationStepDefinitions.theNotificationMessageShouldContain(java.lang.String)&amp#27;[0m
]]></system-out>
  </testcase>
  <testcase name="Rejection notification sent on booking rejected event" classname="Booking Notification" time="2.591">
    <system-out><![CDATA[
@notification @smoke @rejection
Scenario: Rejection notification sent on booking rejected event                                                 &amp#27;[90m# features/notification.feature:50&amp#27;[0m
2026-06-01T14:40:13.415+05:30  INFO 14008 --- [           main] c.c.bdd.steps.CommonStepDefinitions      : [BDD-SETUP] Resetting state before scenario
2026-06-01T14:40:13.428+05:30  INFO 14008 --- [           main] c.c.b.steps.NotificationStepDefinitions  : [BDD] Notification service health check passed
  &amp#27;[32mGiven &amp#27;[0m&amp#27;[32mthe notification service is running&amp#27;[0m                                                                     &amp#27;[90m# com.classroom.bdd.steps.NotificationStepDefinitions.theNotificationServiceIsRunning()&amp#27;[0m
2026-06-01T14:40:13.434+05:30  INFO 14008 --- [           main] c.c.b.steps.NotificationStepDefinitions  : [BDD] Notification log cleared
  &amp#27;[32mAnd &amp#27;[0m&amp#27;[32mthe notification log is empty&amp#27;[0m                                                                             &amp#27;[90m# com.classroom.bdd.steps.NotificationStepDefinitions.theNotificationLogIsEmpty()&amp#27;[0m
2026-06-01T14:40:13.435+05:30  INFO 14008 --- [           main] c.c.b.steps.NotificationStepDefinitions  : [BDD] Published booking.rejected event for bookingId=BK-0003
  &amp#27;[32mGiven &amp#27;[0m&amp#27;[32ma &amp#27;[0m&amp#27;[32m&amp#27;[1m"booking.rejected"&amp#27;[0m&amp#27;[32m event is published with:&amp#27;[0m                                                           &amp#27;[90m# com.classroom.bdd.steps.NotificationStepDefinitions.aBookingEventIsPublishedWith(java.lang.String,io.cucumber.datatable.DataTable)&amp#27;[0m
    | field       | value                       |
    | bookingId   | BK-0003                     |
    | classroomId | CR-102                      |
    | date        | 2026-06-02                  |
    | startTime   | 11:00                       |
    | endTime     | 12:00                       |
    | requestedBy | carol@example.com           |
    | reason      | Time slot is already booked |
2026-06-01T14:40:13.944+05:30  INFO 14008 --- [           main] c.c.b.steps.NotificationStepDefinitions  : [BDD] Notification service processed event
  &amp#27;[32mWhen &amp#27;[0m&amp#27;[32mthe notification service processes the event&amp#27;[0m                                                             &amp#27;[90m# com.classroom.bdd.steps.NotificationStepDefinitions.theNotificationServiceProcessesTheEvent()&amp#27;[0m
2026-06-01T14:40:14.954+05:30  INFO 14008 --- [           main] c.c.bdd.steps.CommonStepDefinitions      : [BDD] REJECTION notification verified for carol@example.com
  &amp#27;[32mThen &amp#27;[0m&amp#27;[32ma rejection notification should be logged for &amp#27;[0m&amp#27;[32m&amp#27;[1m"carol@example.com"&amp#27;[0m                                        &amp#27;[90m# com.classroom.bdd.steps.CommonStepDefinitions.rejectionNotificationLoggedFor(java.lang.String)&amp#27;[0m
2026-06-01T14:40:15.471+05:30  INFO 14008 --- [           main] c.c.b.steps.NotificationStepDefinitions  : [BDD] Notification message contains 'Your booking request for CR-102 on 2026-06-02 has been REJECTED'
  &amp#27;[32mAnd &amp#27;[0m&amp#27;[32mthe notification message should contain &amp#27;[0m&amp#27;[32m&amp#27;[1m"Your booking request for CR-102 on 2026-06-02 has been REJECTED"&amp#27;[0m &amp#27;[90m# com.classroom.bdd.steps.NotificationStepDefinitions.theNotificationMessageShouldContain(java.lang.String)&amp#27;[0m
2026-06-01T14:40:15.990+05:30  INFO 14008 --- [           main] c.c.b.steps.NotificationStepDefinitions  : [BDD] Notification message contains 'Time slot is already booked'
  &amp#27;[32mAnd &amp#27;[0m&amp#27;[32mthe notification message should contain &amp#27;[0m&amp#27;[32m&amp#27;[1m"Time slot is already booked"&amp#27;[0m                                     &amp#27;[90m# com.classroom.bdd.steps.NotificationStepDefinitions.theNotificationMessageShouldContain(java.lang.String)&amp#27;[0m
]]></system-out>
  </testcase>
  <testcase name="Rejection notification includes the reason for rejection" classname="Booking Notification" time="2.077">
    <system-out><![CDATA[
@notification @rejection
Scenario: Rejection notification includes the reason for rejection          &amp#27;[90m# features/notification.feature:66&amp#27;[0m
2026-06-01T14:40:16.005+05:30  INFO 14008 --- [           main] c.c.bdd.steps.CommonStepDefinitions      : [BDD-SETUP] Resetting state before scenario
2026-06-01T14:40:16.024+05:30  INFO 14008 --- [           main] c.c.b.steps.NotificationStepDefinitions  : [BDD] Notification service health check passed
  &amp#27;[32mGiven &amp#27;[0m&amp#27;[32mthe notification service is running&amp#27;[0m                                 &amp#27;[90m# com.classroom.bdd.steps.NotificationStepDefinitions.theNotificationServiceIsRunning()&amp#27;[0m
2026-06-01T14:40:16.028+05:30  INFO 14008 --- [           main] c.c.b.steps.NotificationStepDefinitions  : [BDD] Notification log cleared
  &amp#27;[32mAnd &amp#27;[0m&amp#27;[32mthe notification log is empty&amp#27;[0m                                         &amp#27;[90m# com.classroom.bdd.steps.NotificationStepDefinitions.theNotificationLogIsEmpty()&amp#27;[0m
2026-06-01T14:40:16.028+05:30  INFO 14008 --- [           main] c.c.b.steps.NotificationStepDefinitions  : [BDD] Published booking.rejected event for bookingId=BK-0004
  &amp#27;[32mGiven &amp#27;[0m&amp#27;[32ma &amp#27;[0m&amp#27;[32m&amp#27;[1m"booking.rejected"&amp#27;[0m&amp#27;[32m event is published with:&amp#27;[0m                       &amp#27;[90m# com.classroom.bdd.steps.NotificationStepDefinitions.aBookingEventIsPublishedWith(java.lang.String,io.cucumber.datatable.DataTable)&amp#27;[0m
    | field       | value                       |
    | bookingId   | BK-0004                     |
    | classroomId | CR-101                      |
    | date        | 2026-06-05                  |
    | startTime   | 09:00                       |
    | endTime     | 10:00                       |
    | requestedBy | dave@example.com            |
    | reason      | Time slot is already booked |
2026-06-01T14:40:16.541+05:30  INFO 14008 --- [           main] c.c.b.steps.NotificationStepDefinitions  : [BDD] Notification service processed event
  &amp#27;[32mWhen &amp#27;[0m&amp#27;[32mthe notification service processes the event&amp#27;[0m                         &amp#27;[90m# com.classroom.bdd.steps.NotificationStepDefinitions.theNotificationServiceProcessesTheEvent()&amp#27;[0m
2026-06-01T14:40:17.559+05:30  INFO 14008 --- [           main] c.c.bdd.steps.CommonStepDefinitions      : [BDD] REJECTION notification verified for dave@example.com
  &amp#27;[32mThen &amp#27;[0m&amp#27;[32ma rejection notification should be logged for &amp#27;[0m&amp#27;[32m&amp#27;[1m"dave@example.com"&amp#27;[0m     &amp#27;[90m# com.classroom.bdd.steps.CommonStepDefinitions.rejectionNotificationLoggedFor(java.lang.String)&amp#27;[0m
2026-06-01T14:40:18.070+05:30  INFO 14008 --- [           main] c.c.b.steps.NotificationStepDefinitions  : [BDD] Notification message contains 'Time slot is already booked'
  &amp#27;[32mAnd &amp#27;[0m&amp#27;[32mthe notification message should contain &amp#27;[0m&amp#27;[32m&amp#27;[1m"Time slot is already booked"&amp#27;[0m &amp#27;[90m# com.classroom.bdd.steps.NotificationStepDefinitions.theNotificationMessageShouldContain(java.lang.String)&amp#27;[0m
]]></system-out>
  </testcase>
  <testcase name="Multiple notifications sent for multiple events in sequence" classname="Booking Notification" time="4.601">
    <system-out><![CDATA[
@notification @multi-notification
Scenario: Multiple notifications sent for multiple events in sequence      &amp#27;[90m# features/notification.feature:85&amp#27;[0m
2026-06-01T14:40:18.081+05:30  INFO 14008 --- [           main] c.c.bdd.steps.CommonStepDefinitions      : [BDD-SETUP] Resetting state before scenario
2026-06-01T14:40:18.094+05:30  INFO 14008 --- [           main] c.c.b.steps.NotificationStepDefinitions  : [BDD] Notification service health check passed
  &amp#27;[32mGiven &amp#27;[0m&amp#27;[32mthe notification service is running&amp#27;[0m                                &amp#27;[90m# com.classroom.bdd.steps.NotificationStepDefinitions.theNotificationServiceIsRunning()&amp#27;[0m
2026-06-01T14:40:18.098+05:30  INFO 14008 --- [           main] c.c.b.steps.NotificationStepDefinitions  : [BDD] Notification log cleared
  &amp#27;[32mAnd &amp#27;[0m&amp#27;[32mthe notification log is empty&amp#27;[0m                                        &amp#27;[90m# com.classroom.bdd.steps.NotificationStepDefinitions.theNotificationLogIsEmpty()&amp#27;[0m
2026-06-01T14:40:18.100+05:30  INFO 14008 --- [           main] c.c.b.steps.NotificationStepDefinitions  : [BDD] Published event: booking.confirmed for BK-0010
2026-06-01T14:40:18.101+05:30  INFO 14008 --- [           main] c.c.b.steps.NotificationStepDefinitions  : [BDD] Published event: booking.rejected for BK-0011
2026-06-01T14:40:18.102+05:30  INFO 14008 --- [           main] c.c.b.steps.NotificationStepDefinitions  : [BDD] Published event: booking.confirmed for BK-0012
  &amp#27;[32mGiven &amp#27;[0m&amp#27;[32mthe following booking events are published:&amp#27;[0m                        &amp#27;[90m# com.classroom.bdd.steps.NotificationStepDefinitions.theFollowingBookingEventsArePublished(io.cucumber.datatable.DataTable)&amp#27;[0m
    | eventType         | bookingId | classroomId | requestedBy       |
    | booking.confirmed | BK-0010   | CR-101      | user1@example.com |
    | booking.rejected  | BK-0011   | CR-102      | user2@example.com |
    | booking.confirmed | BK-0012   | CR-103      | user3@example.com |
2026-06-01T14:40:18.622+05:30  INFO 14008 --- [           main] c.c.b.steps.NotificationStepDefinitions  : [BDD] Notification service processed event
  &amp#27;[32mWhen &amp#27;[0m&amp#27;[32mthe notification service processes all events&amp#27;[0m                       &amp#27;[90m# com.classroom.bdd.steps.NotificationStepDefinitions.theNotificationServiceProcessesAllEvents()&amp#27;[0m
2026-06-01T14:40:19.631+05:30  INFO 14008 --- [           main] c.c.b.steps.NotificationStepDefinitions  : [BDD] 3 notification(s) verified
  &amp#27;[32mThen &amp#27;[0m&amp#27;[32m&amp#27;[0m&amp#27;[32m&amp#27;[1m"3"&amp#27;[0m&amp#27;[32m notifications should have been sent&amp#27;[0m                             &amp#27;[90m# com.classroom.bdd.steps.NotificationStepDefinitions.nNotificationsShouldHaveBeenSent(java.lang.String)&amp#27;[0m
2026-06-01T14:40:20.641+05:30  INFO 14008 --- [           main] c.c.bdd.steps.CommonStepDefinitions      : [BDD] CONFIRMATION notification verified for user1@example.com
  &amp#27;[32mAnd &amp#27;[0m&amp#27;[32ma confirmation notification should be logged for &amp#27;[0m&amp#27;[32m&amp#27;[1m"user1@example.com"&amp#27;[0m &amp#27;[90m# com.classroom.bdd.steps.CommonStepDefinitions.confirmationNotificationLoggedFor(java.lang.String)&amp#27;[0m
2026-06-01T14:40:21.661+05:30  INFO 14008 --- [           main] c.c.bdd.steps.CommonStepDefinitions      : [BDD] REJECTION notification verified for user2@example.com
  &amp#27;[32mAnd &amp#27;[0m&amp#27;[32ma rejection notification should be logged for &amp#27;[0m&amp#27;[32m&amp#27;[1m"user2@example.com"&amp#27;[0m    &amp#27;[90m# com.classroom.bdd.steps.CommonStepDefinitions.rejectionNotificationLoggedFor(java.lang.String)&amp#27;[0m
2026-06-01T14:40:22.669+05:30  INFO 14008 --- [           main] c.c.bdd.steps.CommonStepDefinitions      : [BDD] CONFIRMATION notification verified for user3@example.com
  &amp#27;[32mAnd &amp#27;[0m&amp#27;[32ma confirmation notification should be logged for &amp#27;[0m&amp#27;[32m&amp#27;[1m"user3@example.com"&amp#27;[0m &amp#27;[90m# com.classroom.bdd.steps.CommonStepDefinitions.confirmationNotificationLoggedFor(java.lang.String)&amp#27;[0m
]]></system-out>
  </testcase>
  <testcase name="Duplicate event does not produce duplicate notification" classname="Booking Notification" time="6.066">
    <system-out><![CDATA[
@notification @idempotency
Scenario: Duplicate event does not produce duplicate notification &amp#27;[90m# features/notification.feature:102&amp#27;[0m
2026-06-01T14:40:22.683+05:30  INFO 14008 --- [           main] c.c.bdd.steps.CommonStepDefinitions      : [BDD-SETUP] Resetting state before scenario
2026-06-01T14:40:22.696+05:30  INFO 14008 --- [           main] c.c.b.steps.NotificationStepDefinitions  : [BDD] Notification service health check passed
  &amp#27;[32mGiven &amp#27;[0m&amp#27;[32mthe notification service is running&amp#27;[0m                       &amp#27;[90m# com.classroom.bdd.steps.NotificationStepDefinitions.theNotificationServiceIsRunning()&amp#27;[0m
2026-06-01T14:40:22.700+05:30  INFO 14008 --- [           main] c.c.b.steps.NotificationStepDefinitions  : [BDD] Notification log cleared
  &amp#27;[32mAnd &amp#27;[0m&amp#27;[32mthe notification log is empty&amp#27;[0m                               &amp#27;[90m# com.classroom.bdd.steps.NotificationStepDefinitions.theNotificationLogIsEmpty()&amp#27;[0m
2026-06-01T14:40:22.702+05:30  INFO 14008 --- [           main] c.c.b.steps.NotificationStepDefinitions  : [BDD] Published booking.confirmed event for bookingId=BK-0020
  &amp#27;[32mGiven &amp#27;[0m&amp#27;[32ma &amp#27;[0m&amp#27;[32m&amp#27;[1m"booking.confirmed"&amp#27;[0m&amp#27;[32m event is published with:&amp#27;[0m            &amp#27;[90m# com.classroom.bdd.steps.NotificationStepDefinitions.aBookingEventIsPublishedWith(java.lang.String,io.cucumber.datatable.DataTable)&amp#27;[0m
    | field       | value           |
    | bookingId   | BK-0020         |
    | classroomId | CR-101          |
    | date        | 2026-06-10      |
    | startTime   | 10:00           |
    | endTime     | 11:00           |
    | requestedBy | eve@example.com |
2026-06-01T14:40:22.717+05:30  INFO 14008 --- [           main] c.c.b.steps.NotificationStepDefinitions  : [BDD] Re-published the same event for bookingId=BK-0020
  &amp#27;[32mAnd &amp#27;[0m&amp#27;[32mthe same event is published again&amp#27;[0m                           &amp#27;[90m# com.classroom.bdd.steps.NotificationStepDefinitions.theSameEventIsPublishedAgain()&amp#27;[0m
  &amp#27;[32mWhen &amp#27;[0m&amp#27;[32mthe notification service processes both events&amp#27;[0m             &amp#27;[90m# com.classroom.bdd.steps.NotificationStepDefinitions.theNotificationServiceProcessesBothEvents()&amp#27;[0m
  &amp#27;[32mThen &amp#27;[0m&amp#27;[32monly &amp#27;[0m&amp#27;[32m&amp#27;[1m"1"&amp#27;[0m&amp#27;[32m notification should have been sent for &amp#27;[0m&amp#27;[32m&amp#27;[1m"BK-0020"&amp#27;[0m  &amp#27;[90m# com.classroom.bdd.steps.NotificationStepDefinitions.onlyNNotificationShouldHaveBeenSentFor(java.lang.String,java.lang.String)&amp#27;[0m
]]></system-out>
  </testcase>
</testsuite>